2012-08-05 18:26:08,434 [ModalContext] WARN  o.e.m.i.discovery.MavenDiscovery - CatalogItem org.eclipse.m2e.discovery.lifecyclemapping.m2e-egit does not contain lifecycle mapping metadata
2012-08-05 18:26:08,539 [ModalContext] WARN  o.e.m.i.discovery.MavenDiscovery - CatalogItem org.eclipse.m2e.discovery.lifecyclemapping.m2e-cvs does not contain lifecycle mapping metadata
2012-08-05 18:26:08,546 [ModalContext] WARN  o.e.m.i.discovery.MavenDiscovery - CatalogItem org.eclipse.m2e.discovery.lifecyclemapping.m2e-subversive does not contain lifecycle mapping metadata
2012-08-05 18:26:08,550 [ModalContext] WARN  o.e.m.i.discovery.MavenDiscovery - CatalogItem org.eclipse.m2e.discovery.lifecyclemapping.m2e-subclipse does not contain lifecycle mapping metadata
2012-08-05 18:26:08,555 [ModalContext] WARN  o.e.m.i.discovery.MavenDiscovery - CatalogItem org.eclipse.m2e.discovery.maven-runtime-3.0.3 does not contain lifecycle mapping metadata
2012-08-05 18:26:08,588 [ModalContext] WARN  o.e.m.i.discovery.MavenDiscovery - CatalogItem org.codehaus.groovy.m2eclipse does not contain lifecycle mapping metadata
2012-08-05 18:26:16,225 [Worker-11] INFO  o.e.m.c.i.l.LifecycleMappingFactory - Using org.maven.ide.eclipse.wtp.WarLifecycleMapping lifecycle mapping for MavenProject: edu.upc.clase:spring-webmvc:1.0.0-SNAPSHOT @ C:\Users\USUARIO\SINSENIOR\sinsenior-webmvc1\pom.xml.
2012-08-05 18:26:20,170 [New I/O client worker #1-1] INFO  o.e.m.c.i.e.AbstractTransferListenerAdapter - Downloading http://repo1.maven.org/maven2/commons-fileupload/commons-fileupload/1.2.2/commons-fileupload-1.2.2.pom
2012-08-05 18:26:20,184 [New I/O client worker #1-1] INFO  o.e.m.c.i.e.AbstractTransferListenerAdapter - Downloaded http://repo1.maven.org/maven2/commons-fileupload/commons-fileupload/1.2.2/commons-fileupload-1.2.2.pom
2012-08-05 18:26:20,607 [New I/O client worker #2-1] INFO  o.e.m.c.i.e.AbstractTransferListenerAdapter - Downloading http://repo1.maven.org/maven2/org/apache/commons/commons-parent/16/commons-parent-16.pom
2012-08-05 18:26:20,821 [New I/O client worker #2-1] INFO  o.e.m.c.i.e.AbstractTransferListenerAdapter - Downloaded http://repo1.maven.org/maven2/org/apache/commons/commons-parent/16/commons-parent-16.pom
2012-08-05 18:26:21,444 [New I/O client worker #3-1] INFO  o.e.m.c.i.e.AbstractTransferListenerAdapter - Downloading http://repo1.maven.org/maven2/commons-io/commons-io/2.0/commons-io-2.0.pom
2012-08-05 18:26:21,576 [New I/O client worker #3-1] INFO  o.e.m.c.i.e.AbstractTransferListenerAdapter - Downloaded http://repo1.maven.org/maven2/commons-io/commons-io/2.0/commons-io-2.0.pom
2012-08-05 18:26:22,174 [New I/O client worker #4-1] INFO  o.e.m.c.i.e.AbstractTransferListenerAdapter - Downloading http://repo1.maven.org/maven2/org/apache/commons/commons-parent/15/commons-parent-15.pom
2012-08-05 18:26:22,381 [New I/O client worker #4-1] INFO  o.e.m.c.i.e.AbstractTransferListenerAdapter - Downloaded http://repo1.maven.org/maven2/org/apache/commons/commons-parent/15/commons-parent-15.pom
2012-08-05 18:26:23,095 [New I/O client worker #5-1] INFO  o.e.m.c.i.e.AbstractTransferListenerAdapter - Downloading http://repo1.maven.org/maven2/commons-fileupload/commons-fileupload/1.2.2/commons-fileupload-1.2.2.jar
2012-08-05 18:26:23,522 [New I/O client worker #5-1] INFO  o.e.m.c.i.e.AbstractTransferListenerAdapter - Downloaded http://repo1.maven.org/maven2/commons-fileupload/commons-fileupload/1.2.2/commons-fileupload-1.2.2.jar
2012-08-05 18:26:23,547 [New I/O client worker #5-2] INFO  o.e.m.c.i.e.AbstractTransferListenerAdapter - Downloading http://repo1.maven.org/maven2/commons-io/commons-io/2.0/commons-io-2.0.jar
2012-08-05 18:26:25,765 [New I/O client worker #5-2] INFO  o.e.m.c.i.e.AbstractTransferListenerAdapter - Downloaded http://repo1.maven.org/maven2/commons-io/commons-io/2.0/commons-io-2.0.jar
2012-08-05 18:26:27,668 [Worker-11] WARN  o.e.m.c.i.embedder.EclipseLogger - Failed to dispatch repository event to org.eclipse.m2e.core.internal.embedder.EclipseRepositoryListener: null
2012-08-05 18:26:40,253 [Worker-1] INFO  o.e.m.c.i.l.LifecycleMappingFactory - Using org.maven.ide.eclipse.wtp.WarLifecycleMapping lifecycle mapping for MavenProject: edu.upc.clase:spring-webmvc:1.0.0-SNAPSHOT @ C:\Users\USUARIO\SINSENIOR\sinsenior-webmvc1\pom.xml.
2012-08-05 18:26:40,289 [Worker-11] INFO  o.e.m.j.i.AbstractJavaProjectConfigurator - Adding source folder /sinsenior-webmvc1/src/main/java
2012-08-05 18:26:40,292 [Worker-11] INFO  o.e.m.j.i.AbstractJavaProjectConfigurator - Adding resource folder /sinsenior-webmvc1/src/main/resources
2012-08-05 18:26:40,293 [Worker-11] INFO  o.e.m.j.i.AbstractJavaProjectConfigurator - Resources folder /sinsenior-webmvc1/src/main/resources overlaps with sources folder /sinsenior-webmvc1/src/main/resources
2012-08-05 18:26:40,294 [Worker-11] INFO  o.e.m.j.i.AbstractJavaProjectConfigurator - Adding source folder /sinsenior-webmvc1/src/test/java
2012-08-05 18:26:40,359 [Worker-11] INFO  o.e.m.j.i.AbstractJavaProjectConfigurator - Adding resource folder /sinsenior-webmvc1/src/test/resources
2012-08-05 18:26:40,974 [Worker-1] INFO  o.e.m.c.i.l.LifecycleMappingFactory - Using org.maven.ide.eclipse.wtp.WarLifecycleMapping lifecycle mapping for MavenProject: edu.upc.clase:spring-webmvc:1.0.0-SNAPSHOT @ C:\Users\USUARIO\SINSENIOR\sinsenior-webmvc1\pom.xml.
2012-08-05 18:26:41,995 [Worker-11] INFO  o.e.m.c.i.p.ProjectConfigurationManager - Project import completed 28 sec
2012-08-05 18:26:45,079 [Worker-10] INFO  o.e.m.c.u.i.UpdateConfigurationJob - Update started
2012-08-05 18:26:45,079 [Worker-10] INFO  o.e.m.c.u.i.UpdateConfigurationJob - Update completed: 0 sec
2012-08-05 18:26:54,520 [Worker-9] INFO  o.e.m.c.i.l.LifecycleMappingFactory - Using org.maven.ide.eclipse.wtp.WarLifecycleMapping lifecycle mapping for MavenProject: edu.upc.clase:spring-webmvc:1.0.0-SNAPSHOT @ C:\Users\USUARIO\SINSENIOR\sinsenior-webmvc1\pom.xml.
2012-08-05 18:26:55,967 [Worker-9] INFO  o.e.m.c.i.embedder.EclipseLogger - Using 'UTF-8' encoding to copy filtered resources.
2012-08-05 18:26:56,095 [Worker-9] INFO  o.e.m.c.i.embedder.EclipseLogger - Copying 1 resource
2012-08-05 18:26:56,151 [Worker-9] INFO  o.e.m.c.i.embedder.EclipseLogger - Copying 5 resources
2012-08-05 18:26:56,225 [Worker-9] INFO  o.e.m.c.i.embedder.EclipseLogger - Using 'UTF-8' encoding to copy filtered resources.
2012-08-05 18:26:56,228 [Worker-9] INFO  o.e.m.c.i.embedder.EclipseLogger - Copying 3 resources
2012-08-05 18:27:32,445 [Worker-9] INFO  o.e.m.c.i.embedder.EclipseLogger - Using 'UTF-8' encoding to copy filtered resources.
2012-08-05 18:27:32,450 [Worker-9] INFO  o.e.m.c.i.embedder.EclipseLogger - Copying 0 resource
2012-08-05 18:27:32,451 [Worker-9] INFO  o.e.m.c.i.embedder.EclipseLogger - Copying 1 resource
2012-08-05 18:27:32,582 [Worker-9] INFO  o.e.m.c.i.embedder.EclipseLogger - Using 'UTF-8' encoding to copy filtered resources.
2012-08-05 18:27:32,583 [Worker-9] INFO  o.e.m.c.i.embedder.EclipseLogger - Copying 0 resource
2012-08-05 18:41:05,535 [Worker-9] INFO  o.e.m.c.i.l.LifecycleMappingFactory - Using org.maven.ide.eclipse.wtp.WarLifecycleMapping lifecycle mapping for MavenProject: edu.upc.clase:spring-webmvc:1.0.0-SNAPSHOT @ C:\Users\USUARIO\SINSENIOR\sinsenior-webmvc1\pom.xml.
2012-08-05 18:41:21,963 [Worker-9] INFO  o.e.m.c.i.embedder.EclipseLogger - Using 'UTF-8' encoding to copy filtered resources.
2012-08-05 18:41:21,993 [Worker-9] INFO  o.e.m.c.i.embedder.EclipseLogger - Copying 1 resource
2012-08-05 18:41:21,998 [Worker-9] INFO  o.e.m.c.i.embedder.EclipseLogger - Copying 7 resources
2012-08-05 18:41:22,002 [Worker-9] INFO  o.e.m.c.i.embedder.EclipseLogger - Using 'UTF-8' encoding to copy filtered resources.
2012-08-05 18:41:22,004 [Worker-9] INFO  o.e.m.c.i.embedder.EclipseLogger - Copying 3 resources
2012-08-05 18:41:22,005 [Worker-9] INFO  o.m.i.e.w.f.ResourceFilteringBuildParticipant - Changed resources require a complete clean of filtered resources of sinsenior-webmvc1
2012-08-05 18:41:22,026 [Worker-9] INFO  o.m.i.e.w.f.ResourceFilteringBuildParticipant - Executing resource filtering for sinsenior-webmvc1
2012-08-05 18:41:22,039 [Worker-9] INFO  o.e.m.c.i.embedder.EclipseLogger - Using 'UTF-8' encoding to copy filtered resources.
2012-08-05 18:45:56,740 [Worker-15] INFO  o.e.m.c.i.embedder.EclipseLogger - Using 'UTF-8' encoding to copy filtered resources.
2012-08-05 18:45:56,761 [Worker-15] INFO  o.e.m.c.i.embedder.EclipseLogger - Copying 0 resource
2012-08-05 18:45:56,761 [Worker-15] INFO  o.e.m.c.i.embedder.EclipseLogger - Copying 0 resource
2012-08-05 18:45:56,763 [Worker-15] INFO  o.e.m.c.i.embedder.EclipseLogger - Using 'UTF-8' encoding to copy filtered resources.
2012-08-05 18:45:56,764 [Worker-15] INFO  o.e.m.c.i.embedder.EclipseLogger - Copying 0 resource
2012-08-05 18:57:24,315 [Worker-19] INFO  o.e.m.c.i.l.LifecycleMappingFactory - Using org.maven.ide.eclipse.wtp.WarLifecycleMapping lifecycle mapping for MavenProject: com.mycompany:wscliente:1.0 @ C:\Users\USUARIO\SINSENIOR\wscliente\pom.xml.
2012-08-05 18:57:27,971 [Worker-19] INFO  o.e.m.j.i.AbstractJavaProjectConfigurator - Adding source folder /wscliente/src/main/java
2012-08-05 18:57:27,972 [Worker-19] INFO  o.e.m.j.i.AbstractJavaProjectConfigurator - Adding source folder /wscliente/src/test/java
2012-08-05 18:57:27,972 [Worker-19] INFO  o.e.m.j.i.AbstractJavaProjectConfigurator - Adding resource folder /wscliente/src/test/resources
2012-08-05 18:57:28,222 [Worker-27] INFO  o.e.m.c.i.l.LifecycleMappingFactory - Using org.maven.ide.eclipse.wtp.WarLifecycleMapping lifecycle mapping for MavenProject: com.mycompany:wscliente:1.0 @ C:\Users\USUARIO\SINSENIOR\wscliente\pom.xml.
2012-08-05 18:57:28,287 [Worker-19] INFO  o.e.m.c.i.p.ProjectConfigurationManager - Project import completed 4 sec
2012-08-05 18:57:28,737 [Worker-27] INFO  o.e.m.c.i.l.LifecycleMappingFactory - Using org.maven.ide.eclipse.wtp.WarLifecycleMapping lifecycle mapping for MavenProject: com.mycompany:wscliente:1.0 @ C:\Users\USUARIO\SINSENIOR\wscliente\pom.xml.
2012-08-05 18:57:28,780 [Worker-28] INFO  o.e.m.c.u.i.UpdateConfigurationJob - Update started
2012-08-05 18:57:28,780 [Worker-28] INFO  o.e.m.c.u.i.UpdateConfigurationJob - Update completed: 0 sec
2012-08-05 18:57:29,922 [Worker-19] INFO  o.e.m.c.i.l.LifecycleMappingFactory - Using org.maven.ide.eclipse.wtp.WarLifecycleMapping lifecycle mapping for MavenProject: com.mycompany:wscliente:1.0 @ C:\Users\USUARIO\SINSENIOR\wscliente\pom.xml.
2012-08-05 18:57:30,638 [Worker-19] WARN  o.e.m.c.i.embedder.EclipseLogger - Using platform encoding (Cp1252 actually) to copy filtered resources, i.e. build is platform dependent!
2012-08-05 18:57:30,694 [Worker-19] INFO  o.e.m.c.i.embedder.EclipseLogger - skip non existing resourceDirectory C:\Users\USUARIO\SINSENIOR\wscliente\src\main\resources
2012-08-05 18:57:30,696 [Worker-19] WARN  o.e.m.c.i.embedder.EclipseLogger - Using platform encoding (Cp1252 actually) to copy filtered resources, i.e. build is platform dependent!
2012-08-05 18:57:30,699 [Worker-19] INFO  o.e.m.c.i.embedder.EclipseLogger - Copying 1 resource
2012-08-05 18:57:33,638 [Worker-15] INFO  o.e.m.c.i.l.LifecycleMappingFactory - Using org.maven.ide.eclipse.wtp.WarLifecycleMapping lifecycle mapping for MavenProject: com.mycompany:wscliente:1.0 @ C:\Users\USUARIO\SINSENIOR\wscliente\pom.xml.
2012-08-05 18:57:33,897 [Worker-15] INFO  o.e.m.c.i.l.LifecycleMappingFactory - Using org.maven.ide.eclipse.wtp.WarLifecycleMapping lifecycle mapping for MavenProject: com.mycompany:wscliente:1.0 @ C:\Users\USUARIO\SINSENIOR\wscliente\pom.xml.
2012-08-05 18:57:34,736 [Worker-26] WARN  o.e.m.c.i.embedder.EclipseLogger - Using platform encoding (Cp1252 actually) to copy filtered resources, i.e. build is platform dependent!
2012-08-05 18:57:34,739 [Worker-26] INFO  o.e.m.c.i.embedder.EclipseLogger - skip non existing resourceDirectory C:\Users\USUARIO\SINSENIOR\wscliente\src\main\resources
2012-08-05 18:57:34,740 [Worker-26] WARN  o.e.m.c.i.embedder.EclipseLogger - Using platform encoding (Cp1252 actually) to copy filtered resources, i.e. build is platform dependent!
2012-08-05 18:57:34,743 [Worker-26] INFO  o.e.m.c.i.embedder.EclipseLogger - Copying 0 resource
2012-08-05 19:07:15,049 [Worker-19] INFO  o.e.m.i.launch.MavenLaunchDelegate - C:\Users\USUARIO\SINSENIOR\sinsenior-webmvc1
2012-08-05 19:07:15,067 [Worker-19] INFO  o.e.m.i.launch.MavenLaunchDelegate -  mvn -B generate-sources
2012-08-05 19:08:40,344 [Worker-19] INFO  o.m.i.e.w.f.ResourceFilteringBuildParticipant - Cleaning filtered folder for sinsenior-webmvc1
2012-08-05 19:08:40,642 [Worker-19] INFO  o.m.i.e.w.f.ResourceFilteringBuildParticipant - Cleaning filtered folder for wscliente
2012-08-05 19:08:58,849 [Worker-31] INFO  o.e.m.c.i.l.LifecycleMappingFactory - Using org.maven.ide.eclipse.wtp.WarLifecycleMapping lifecycle mapping for MavenProject: com.mycompany:wscliente:1.0 @ C:\Users\USUARIO\SINSENIOR\wscliente\pom.xml.
2012-08-05 19:09:01,701 [Worker-31] WARN  o.e.m.c.i.embedder.EclipseLogger - Using platform encoding (Cp1252 actually) to copy filtered resources, i.e. build is platform dependent!
2012-08-05 19:09:01,710 [Worker-31] INFO  o.e.m.c.i.embedder.EclipseLogger - skip non existing resourceDirectory C:\Users\USUARIO\SINSENIOR\wscliente\src\main\resources
2012-08-05 19:09:01,715 [Worker-31] WARN  o.e.m.c.i.embedder.EclipseLogger - Using platform encoding (Cp1252 actually) to copy filtered resources, i.e. build is platform dependent!
2012-08-05 19:09:01,722 [Worker-31] INFO  o.e.m.c.i.embedder.EclipseLogger - Copying 1 resource
2012-08-05 19:09:05,084 [Worker-31] INFO  o.e.m.c.i.l.LifecycleMappingFactory - Using org.maven.ide.eclipse.wtp.WarLifecycleMapping lifecycle mapping for MavenProject: edu.upc.clase:spring-webmvc:1.0.0-SNAPSHOT @ C:\Users\USUARIO\SINSENIOR\sinsenior-webmvc1\pom.xml.
2012-08-05 19:09:12,807 [Worker-31] INFO  o.e.m.c.i.embedder.EclipseLogger - Using 'UTF-8' encoding to copy filtered resources.
2012-08-05 19:09:12,809 [Worker-31] INFO  o.e.m.c.i.embedder.EclipseLogger - Copying 1 resource
2012-08-05 19:09:12,821 [Worker-31] INFO  o.e.m.c.i.embedder.EclipseLogger - Copying 7 resources
2012-08-05 19:09:13,450 [Worker-31] INFO  o.e.m.c.i.embedder.EclipseLogger - Using 'UTF-8' encoding to copy filtered resources.
2012-08-05 19:09:13,453 [Worker-31] INFO  o.e.m.c.i.embedder.EclipseLogger - Copying 3 resources
2012-08-05 19:11:23,338 [Worker-30] INFO  o.e.m.c.i.l.LifecycleMappingFactory - Using org.maven.ide.eclipse.wtp.WarLifecycleMapping lifecycle mapping for MavenProject: edu.upc.clase:spring-webmvc:1.0.0-SNAPSHOT @ C:\Users\USUARIO\SINSENIOR\sinsenior-webmvc1\pom.xml.
2012-08-05 19:11:29,620 [Worker-30] INFO  o.e.m.c.i.embedder.EclipseLogger - Using 'UTF-8' encoding to copy filtered resources.
2012-08-05 19:11:29,622 [Worker-30] INFO  o.e.m.c.i.embedder.EclipseLogger - Copying 0 resource
2012-08-05 19:11:29,623 [Worker-30] INFO  o.e.m.c.i.embedder.EclipseLogger - Copying 0 resource
2012-08-05 19:11:29,628 [Worker-30] INFO  o.e.m.c.i.embedder.EclipseLogger - Using 'UTF-8' encoding to copy filtered resources.
2012-08-05 19:11:29,630 [Worker-30] INFO  o.e.m.c.i.embedder.EclipseLogger - Copying 0 resource
2012-08-05 19:11:29,631 [Worker-30] INFO  o.m.i.e.w.f.ResourceFilteringBuildParticipant - Changed resources require a complete clean of filtered resources of sinsenior-webmvc1
2012-08-05 19:11:29,632 [Worker-30] INFO  o.m.i.e.w.f.ResourceFilteringBuildParticipant - Executing resource filtering for sinsenior-webmvc1
2012-08-05 19:11:29,805 [Worker-30] INFO  o.e.m.c.i.embedder.EclipseLogger - Using 'UTF-8' encoding to copy filtered resources.
2012-08-05 19:21:15,113 [Worker-26] WARN  o.e.m.c.i.embedder.EclipseLogger - Using platform encoding (Cp1252 actually) to copy filtered resources, i.e. build is platform dependent!
2012-08-05 19:21:15,115 [Worker-26] INFO  o.e.m.c.i.embedder.EclipseLogger - skip non existing resourceDirectory C:\Users\USUARIO\SINSENIOR\wscliente\src\main\resources
2012-08-05 19:21:15,117 [Worker-26] WARN  o.e.m.c.i.embedder.EclipseLogger - Using platform encoding (Cp1252 actually) to copy filtered resources, i.e. build is platform dependent!
2012-08-05 19:21:15,122 [Worker-26] INFO  o.e.m.c.i.embedder.EclipseLogger - Copying 0 resource
2012-08-05 19:21:28,634 [Worker-26] INFO  o.e.m.c.i.l.LifecycleMappingFactory - Using org.maven.ide.eclipse.wtp.WarLifecycleMapping lifecycle mapping for MavenProject: edu.upc.clase:spring-webmvc:1.0.0-SNAPSHOT @ C:\Users\USUARIO\SINSENIOR\sinsenior-webmvc1\pom.xml.
2012-08-05 19:21:30,324 [Worker-26] INFO  o.e.m.j.i.AbstractJavaProjectConfigurator - Adding source folder /sinsenior-webmvc1/src/main/java
2012-08-05 19:21:30,326 [Worker-26] INFO  o.e.m.j.i.AbstractJavaProjectConfigurator - Adding resource folder /sinsenior-webmvc1/src/main/resources
2012-08-05 19:21:30,327 [Worker-26] INFO  o.e.m.j.i.AbstractJavaProjectConfigurator - Resources folder /sinsenior-webmvc1/src/main/resources overlaps with sources folder /sinsenior-webmvc1/src/main/resources
2012-08-05 19:21:30,327 [Worker-26] INFO  o.e.m.j.i.AbstractJavaProjectConfigurator - Adding source folder /sinsenior-webmvc1/src/test/java
2012-08-05 19:21:30,327 [Worker-26] INFO  o.e.m.j.i.AbstractJavaProjectConfigurator - Adding resource folder /sinsenior-webmvc1/src/test/resources
2012-08-05 19:21:30,552 [Worker-30] INFO  o.e.m.c.i.l.LifecycleMappingFactory - Using org.maven.ide.eclipse.wtp.WarLifecycleMapping lifecycle mapping for MavenProject: edu.upc.clase:spring-webmvc:1.0.0-SNAPSHOT @ C:\Users\USUARIO\SINSENIOR\sinsenior-webmvc1\pom.xml.
2012-08-05 19:21:30,883 [Worker-26] INFO  o.e.m.c.i.p.ProjectConfigurationManager - Project import completed 2 sec
2012-08-05 19:21:33,335 [Worker-30] INFO  o.e.m.c.i.l.LifecycleMappingFactory - Using org.maven.ide.eclipse.wtp.WarLifecycleMapping lifecycle mapping for MavenProject: edu.upc.clase:spring-webmvc:1.0.0-SNAPSHOT @ C:\Users\USUARIO\SINSENIOR\sinsenior-webmvc1\pom.xml.
2012-08-05 19:21:33,364 [Worker-23] INFO  o.e.m.c.u.i.UpdateConfigurationJob - Update started
2012-08-05 19:21:33,364 [Worker-23] INFO  o.e.m.c.u.i.UpdateConfigurationJob - Update completed: 0 sec
2012-08-05 19:21:35,163 [Worker-23] INFO  o.e.m.c.i.l.LifecycleMappingFactory - Using org.maven.ide.eclipse.wtp.WarLifecycleMapping lifecycle mapping for MavenProject: edu.upc.clase:spring-webmvc:1.0.0-SNAPSHOT @ C:\Users\USUARIO\SINSENIOR\sinsenior-webmvc1\pom.xml.
2012-08-05 19:21:37,495 [Worker-23] INFO  o.e.m.c.i.embedder.EclipseLogger - Using 'UTF-8' encoding to copy filtered resources.
2012-08-05 19:21:37,496 [Worker-23] INFO  o.e.m.c.i.embedder.EclipseLogger - Copying 1 resource
2012-08-05 19:21:37,502 [Worker-23] INFO  o.e.m.c.i.embedder.EclipseLogger - Copying 7 resources
2012-08-05 19:21:37,508 [Worker-23] INFO  o.e.m.c.i.embedder.EclipseLogger - Using 'UTF-8' encoding to copy filtered resources.
2012-08-05 19:21:37,509 [Worker-23] INFO  o.e.m.c.i.embedder.EclipseLogger - Copying 3 resources
2012-08-05 19:21:38,988 [Worker-23] INFO  o.e.m.c.i.l.LifecycleMappingFactory - Using org.maven.ide.eclipse.wtp.WarLifecycleMapping lifecycle mapping for MavenProject: edu.upc.clase:spring-webmvc:1.0.0-SNAPSHOT @ C:\Users\USUARIO\SINSENIOR\sinsenior-webmvc1\pom.xml.
2012-08-05 19:21:39,599 [Worker-23] INFO  o.e.m.c.i.l.LifecycleMappingFactory - Using org.maven.ide.eclipse.wtp.WarLifecycleMapping lifecycle mapping for MavenProject: edu.upc.clase:spring-webmvc:1.0.0-SNAPSHOT @ C:\Users\USUARIO\SINSENIOR\sinsenior-webmvc1\pom.xml.
2012-08-05 19:21:50,139 [Worker-30] INFO  o.e.m.c.i.embedder.EclipseLogger - Using 'UTF-8' encoding to copy filtered resources.
2012-08-05 19:21:50,140 [Worker-30] INFO  o.e.m.c.i.embedder.EclipseLogger - Copying 0 resource
2012-08-05 19:21:50,140 [Worker-30] INFO  o.e.m.c.i.embedder.EclipseLogger - Copying 0 resource
2012-08-05 19:21:50,196 [Worker-30] INFO  o.e.m.c.i.embedder.EclipseLogger - Using 'UTF-8' encoding to copy filtered resources.
2012-08-05 19:21:50,196 [Worker-30] INFO  o.e.m.c.i.embedder.EclipseLogger - Copying 0 resource
2012-08-05 19:22:38,212 [Worker-25] INFO  o.e.m.c.i.embedder.EclipseLogger - Using 'UTF-8' encoding to copy filtered resources.
2012-08-05 19:22:38,212 [Worker-25] INFO  o.e.m.c.i.embedder.EclipseLogger - Copying 0 resource
2012-08-05 19:22:38,213 [Worker-25] INFO  o.e.m.c.i.embedder.EclipseLogger - Copying 0 resource
2012-08-05 19:22:38,215 [Worker-25] INFO  o.e.m.c.i.embedder.EclipseLogger - Using 'UTF-8' encoding to copy filtered resources.
2012-08-05 19:22:38,215 [Worker-25] INFO  o.e.m.c.i.embedder.EclipseLogger - Copying 0 resource
2012-08-05 19:24:32,002 [Worker-19] INFO  o.e.m.c.i.l.LifecycleMappingFactory - Using org.maven.ide.eclipse.wtp.WarLifecycleMapping lifecycle mapping for MavenProject: edu.upc.clase:spring-webmvc:1.0.0-SNAPSHOT @ C:\Users\USUARIO\SINSENIOR\sinsenior-webmvc1\pom.xml.
2012-08-05 19:24:33,826 [Worker-19] INFO  o.e.m.j.i.AbstractJavaProjectConfigurator - Adding source folder /sinsenior-webmvc1/src/main/java
2012-08-05 19:24:33,828 [Worker-19] INFO  o.e.m.j.i.AbstractJavaProjectConfigurator - Adding resource folder /sinsenior-webmvc1/src/main/resources
2012-08-05 19:24:33,829 [Worker-19] INFO  o.e.m.j.i.AbstractJavaProjectConfigurator - Resources folder /sinsenior-webmvc1/src/main/resources overlaps with sources folder /sinsenior-webmvc1/src/main/resources
2012-08-05 19:24:33,829 [Worker-19] INFO  o.e.m.j.i.AbstractJavaProjectConfigurator - Adding source folder /sinsenior-webmvc1/src/test/java
2012-08-05 19:24:33,829 [Worker-19] INFO  o.e.m.j.i.AbstractJavaProjectConfigurator - Adding resource folder /sinsenior-webmvc1/src/test/resources
2012-08-05 19:24:33,969 [Worker-31] INFO  o.e.m.c.i.l.LifecycleMappingFactory - Using org.maven.ide.eclipse.wtp.WarLifecycleMapping lifecycle mapping for MavenProject: edu.upc.clase:spring-webmvc:1.0.0-SNAPSHOT @ C:\Users\USUARIO\SINSENIOR\sinsenior-webmvc1\pom.xml.
2012-08-05 19:24:34,662 [Worker-19] INFO  o.e.m.c.i.p.ProjectConfigurationManager - Project import completed 2 sec
2012-08-05 19:24:36,956 [Worker-31] INFO  o.e.m.c.i.l.LifecycleMappingFactory - Using org.maven.ide.eclipse.wtp.WarLifecycleMapping lifecycle mapping for MavenProject: edu.upc.clase:spring-webmvc:1.0.0-SNAPSHOT @ C:\Users\USUARIO\SINSENIOR\sinsenior-webmvc1\pom.xml.
2012-08-05 19:24:37,162 [Worker-23] INFO  o.e.m.c.u.i.UpdateConfigurationJob - Update started
2012-08-05 19:24:37,162 [Worker-23] INFO  o.e.m.c.u.i.UpdateConfigurationJob - Update completed: 0 sec
2012-08-05 19:24:38,545 [Worker-23] INFO  o.e.m.c.i.l.LifecycleMappingFactory - Using org.maven.ide.eclipse.wtp.WarLifecycleMapping lifecycle mapping for MavenProject: edu.upc.clase:spring-webmvc:1.0.0-SNAPSHOT @ C:\Users\USUARIO\SINSENIOR\sinsenior-webmvc1\pom.xml.
2012-08-05 19:24:40,488 [Worker-23] INFO  o.e.m.c.i.embedder.EclipseLogger - Using 'UTF-8' encoding to copy filtered resources.
2012-08-05 19:24:40,498 [Worker-23] INFO  o.e.m.c.i.embedder.EclipseLogger - Copying 1 resource
2012-08-05 19:24:40,502 [Worker-23] INFO  o.e.m.c.i.embedder.EclipseLogger - Copying 7 resources
2012-08-05 19:24:40,506 [Worker-23] INFO  o.e.m.c.i.embedder.EclipseLogger - Using 'UTF-8' encoding to copy filtered resources.
2012-08-05 19:24:40,507 [Worker-23] INFO  o.e.m.c.i.embedder.EclipseLogger - Copying 3 resources
2012-08-05 19:24:42,021 [Worker-31] INFO  o.e.m.c.i.l.LifecycleMappingFactory - Using org.maven.ide.eclipse.wtp.WarLifecycleMapping lifecycle mapping for MavenProject: edu.upc.clase:spring-webmvc:1.0.0-SNAPSHOT @ C:\Users\USUARIO\SINSENIOR\sinsenior-webmvc1\pom.xml.
2012-08-05 19:24:42,567 [Worker-31] INFO  o.e.m.c.i.l.LifecycleMappingFactory - Using org.maven.ide.eclipse.wtp.WarLifecycleMapping lifecycle mapping for MavenProject: edu.upc.clase:spring-webmvc:1.0.0-SNAPSHOT @ C:\Users\USUARIO\SINSENIOR\sinsenior-webmvc1\pom.xml.
2012-08-05 19:24:49,954 [Worker-31] INFO  o.e.m.c.i.embedder.EclipseLogger - Using 'UTF-8' encoding to copy filtered resources.
2012-08-05 19:24:49,955 [Worker-31] INFO  o.e.m.c.i.embedder.EclipseLogger - Copying 0 resource
2012-08-05 19:24:49,955 [Worker-31] INFO  o.e.m.c.i.embedder.EclipseLogger - Copying 0 resource
2012-08-05 19:24:49,957 [Worker-31] INFO  o.e.m.c.i.embedder.EclipseLogger - Using 'UTF-8' encoding to copy filtered resources.
2012-08-05 19:24:49,957 [Worker-31] INFO  o.e.m.c.i.embedder.EclipseLogger - Copying 0 resource
2012-08-05 19:28:41,487 [Worker-32] INFO  o.m.i.e.w.f.ResourceFilteringBuildParticipant - Cleaning filtered folder for sinsenior-webmvc1
2012-08-05 19:28:41,539 [Worker-32] INFO  o.m.i.e.w.f.ResourceFilteringBuildParticipant - Cleaning filtered folder for wscliente
2012-08-05 19:28:48,436 [Worker-15] INFO  o.e.m.c.i.l.LifecycleMappingFactory - Using org.maven.ide.eclipse.wtp.WarLifecycleMapping lifecycle mapping for MavenProject: com.mycompany:wscliente:1.0 @ C:\Users\USUARIO\SINSENIOR\wscliente\pom.xml.
2012-08-05 19:28:49,109 [Worker-15] WARN  o.e.m.c.i.embedder.EclipseLogger - Using platform encoding (Cp1252 actually) to copy filtered resources, i.e. build is platform dependent!
2012-08-05 19:28:49,111 [Worker-15] INFO  o.e.m.c.i.embedder.EclipseLogger - skip non existing resourceDirectory C:\Users\USUARIO\SINSENIOR\wscliente\src\main\resources
2012-08-05 19:28:49,114 [Worker-15] WARN  o.e.m.c.i.embedder.EclipseLogger - Using platform encoding (Cp1252 actually) to copy filtered resources, i.e. build is platform dependent!
2012-08-05 19:28:49,116 [Worker-15] INFO  o.e.m.c.i.embedder.EclipseLogger - Copying 1 resource
2012-08-05 19:28:49,710 [Worker-15] INFO  o.e.m.c.i.l.LifecycleMappingFactory - Using org.maven.ide.eclipse.wtp.WarLifecycleMapping lifecycle mapping for MavenProject: edu.upc.clase:spring-webmvc:1.0.0-SNAPSHOT @ C:\Users\USUARIO\SINSENIOR\sinsenior-webmvc1\pom.xml.
2012-08-05 19:28:51,206 [Worker-15] INFO  o.e.m.c.i.embedder.EclipseLogger - Using 'UTF-8' encoding to copy filtered resources.
2012-08-05 19:28:51,207 [Worker-15] INFO  o.e.m.c.i.embedder.EclipseLogger - Copying 1 resource
2012-08-05 19:28:51,211 [Worker-15] INFO  o.e.m.c.i.embedder.EclipseLogger - Copying 7 resources
2012-08-05 19:28:51,236 [Worker-15] INFO  o.e.m.c.i.embedder.EclipseLogger - Using 'UTF-8' encoding to copy filtered resources.
2012-08-05 19:28:51,237 [Worker-15] INFO  o.e.m.c.i.embedder.EclipseLogger - Copying 3 resources
2012-08-05 19:30:24,564 [Worker-34] INFO  o.e.m.c.i.embedder.EclipseLogger - Using 'UTF-8' encoding to copy filtered resources.
2012-08-05 19:30:24,564 [Worker-34] INFO  o.e.m.c.i.embedder.EclipseLogger - Copying 0 resource
2012-08-05 19:30:24,565 [Worker-34] INFO  o.e.m.c.i.embedder.EclipseLogger - Copying 0 resource
2012-08-05 19:30:24,567 [Worker-34] INFO  o.e.m.c.i.embedder.EclipseLogger - Using 'UTF-8' encoding to copy filtered resources.
2012-08-05 19:30:24,567 [Worker-34] INFO  o.e.m.c.i.embedder.EclipseLogger - Copying 0 resource
2012-08-05 19:32:18,214 [Worker-26] INFO  o.e.m.c.i.embedder.EclipseLogger - Using 'UTF-8' encoding to copy filtered resources.
2012-08-05 19:32:18,215 [Worker-26] INFO  o.e.m.c.i.embedder.EclipseLogger - Copying 0 resource
2012-08-05 19:32:18,215 [Worker-26] INFO  o.e.m.c.i.embedder.EclipseLogger - Copying 0 resource
2012-08-05 19:32:18,218 [Worker-26] INFO  o.e.m.c.i.embedder.EclipseLogger - Using 'UTF-8' encoding to copy filtered resources.
2012-08-05 19:32:18,219 [Worker-26] INFO  o.e.m.c.i.embedder.EclipseLogger - Copying 0 resource
2012-08-05 19:32:48,676 [Worker-31] INFO  o.e.m.c.i.l.LifecycleMappingFactory - Using org.maven.ide.eclipse.wtp.WarLifecycleMapping lifecycle mapping for MavenProject: edu.upc.clase:spring-webmvc:1.0.0-SNAPSHOT @ C:\Users\USUARIO\SINSENIOR\sinsenior-webmvc1\pom.xml.
2012-08-05 19:32:50,061 [Worker-31] INFO  o.e.m.c.i.embedder.EclipseLogger - Using 'UTF-8' encoding to copy filtered resources.
2012-08-05 19:32:50,061 [Worker-31] INFO  o.e.m.c.i.embedder.EclipseLogger - Copying 0 resource
2012-08-05 19:32:50,062 [Worker-31] INFO  o.e.m.c.i.embedder.EclipseLogger - Copying 0 resource
2012-08-05 19:32:50,064 [Worker-31] INFO  o.e.m.c.i.embedder.EclipseLogger - Using 'UTF-8' encoding to copy filtered resources.
2012-08-05 19:32:50,064 [Worker-31] INFO  o.e.m.c.i.embedder.EclipseLogger - Copying 0 resource
2012-08-05 19:32:50,064 [Worker-31] INFO  o.m.i.e.w.f.ResourceFilteringBuildParticipant - Changed resources require a complete clean of filtered resources of sinsenior-webmvc1
2012-08-05 19:32:50,065 [Worker-31] INFO  o.m.i.e.w.f.ResourceFilteringBuildParticipant - Executing resource filtering for sinsenior-webmvc1
2012-08-05 19:32:50,199 [Worker-31] INFO  o.e.m.c.i.embedder.EclipseLogger - Using 'UTF-8' encoding to copy filtered resources.
2012-08-05 19:34:05,505 [Worker-26] INFO  o.e.m.c.i.l.LifecycleMappingFactory - Using org.maven.ide.eclipse.wtp.WarLifecycleMapping lifecycle mapping for MavenProject: edu.upc.clase:spring-webmvc:1.0.0-SNAPSHOT @ C:\Users\USUARIO\SINSENIOR\sinsenior-webmvc1\pom.xml.
2012-08-05 19:34:06,935 [Worker-26] INFO  o.e.m.c.i.embedder.EclipseLogger - Using 'UTF-8' encoding to copy filtered resources.
2012-08-05 19:34:06,936 [Worker-26] INFO  o.e.m.c.i.embedder.EclipseLogger - Copying 0 resource
2012-08-05 19:34:06,936 [Worker-26] INFO  o.e.m.c.i.embedder.EclipseLogger - Copying 0 resource
2012-08-05 19:34:06,938 [Worker-26] INFO  o.e.m.c.i.embedder.EclipseLogger - Using 'UTF-8' encoding to copy filtered resources.
2012-08-05 19:34:06,938 [Worker-26] INFO  o.e.m.c.i.embedder.EclipseLogger - Copying 0 resource
2012-08-05 19:34:06,938 [Worker-26] INFO  o.m.i.e.w.f.ResourceFilteringBuildParticipant - Changed resources require a complete clean of filtered resources of sinsenior-webmvc1
2012-08-05 19:34:06,939 [Worker-26] INFO  o.m.i.e.w.f.ResourceFilteringBuildParticipant - Executing resource filtering for sinsenior-webmvc1
2012-08-05 19:34:06,942 [Worker-26] INFO  o.e.m.c.i.embedder.EclipseLogger - Using 'UTF-8' encoding to copy filtered resources.
2012-08-05 19:34:19,419 [Worker-25] INFO  o.e.m.c.i.embedder.EclipseLogger - Using 'UTF-8' encoding to copy filtered resources.
2012-08-05 19:34:19,419 [Worker-25] INFO  o.e.m.c.i.embedder.EclipseLogger - Copying 0 resource
2012-08-05 19:34:19,420 [Worker-25] INFO  o.e.m.c.i.embedder.EclipseLogger - Copying 0 resource
2012-08-05 19:34:19,421 [Worker-25] INFO  o.e.m.c.i.embedder.EclipseLogger - Using 'UTF-8' encoding to copy filtered resources.
2012-08-05 19:34:19,422 [Worker-25] INFO  o.e.m.c.i.embedder.EclipseLogger - Copying 0 resource
2012-08-05 19:35:25,816 [Worker-31] INFO  o.e.m.c.i.l.LifecycleMappingFactory - Using org.maven.ide.eclipse.wtp.WarLifecycleMapping lifecycle mapping for MavenProject: edu.upc.clase:spring-webmvc:1.0.0-SNAPSHOT @ C:\Users\USUARIO\SINSENIOR\sinsenior-webmvc1\pom.xml.
2012-08-05 19:35:27,144 [Worker-31] INFO  o.e.m.c.i.embedder.EclipseLogger - Using 'UTF-8' encoding to copy filtered resources.
2012-08-05 19:35:27,144 [Worker-31] INFO  o.e.m.c.i.embedder.EclipseLogger - Copying 0 resource
2012-08-05 19:35:27,145 [Worker-31] INFO  o.e.m.c.i.embedder.EclipseLogger - Copying 0 resource
2012-08-05 19:35:27,146 [Worker-31] INFO  o.e.m.c.i.embedder.EclipseLogger - Using 'UTF-8' encoding to copy filtered resources.
2012-08-05 19:35:27,147 [Worker-31] INFO  o.e.m.c.i.embedder.EclipseLogger - Copying 0 resource
2012-08-05 19:35:27,147 [Worker-31] INFO  o.m.i.e.w.f.ResourceFilteringBuildParticipant - Changed resources require a complete clean of filtered resources of sinsenior-webmvc1
2012-08-05 19:35:27,147 [Worker-31] INFO  o.m.i.e.w.f.ResourceFilteringBuildParticipant - Executing resource filtering for sinsenior-webmvc1
2012-08-05 19:35:27,152 [Worker-31] INFO  o.e.m.c.i.embedder.EclipseLogger - Using 'UTF-8' encoding to copy filtered resources.
2012-08-05 19:37:51,436 [New I/O client worker #8-1] INFO  o.e.m.c.i.e.AbstractTransferListenerAdapter - Downloading http://repo1.maven.org/maven2/org/apache/maven/archetypes/maven-archetype-webapp/1.0/maven-archetype-webapp-1.0.pom
2012-08-05 19:37:51,438 [New I/O client worker #8-1] INFO  o.e.m.c.i.e.AbstractTransferListenerAdapter - Downloaded http://repo1.maven.org/maven2/org/apache/maven/archetypes/maven-archetype-webapp/1.0/maven-archetype-webapp-1.0.pom
2012-08-05 19:37:51,641 [pool-10-thread-1] INFO  o.e.m.c.i.e.AbstractTransferListenerAdapter - Downloaded file:///C:/Users/USUARIO/.m2/repository/org/apache/maven/archetypes/maven-archetype-webapp/1.0/maven-archetype-webapp-1.0.jar
2012-08-05 19:37:51,731 [Worker-26] INFO  o.e.m.c.i.p.ProjectConfigurationManager - Collecting project info '/pom.xml' C:\Users\USUARIO\SINSENIOR\Sinsenior\pom.xml
2012-08-05 19:37:51,851 [Worker-26] INFO  o.e.m.c.i.l.LifecycleMappingFactory - Using org.maven.ide.eclipse.wtp.WarLifecycleMapping lifecycle mapping for MavenProject: UPC:Sinsenior:0.0.1-SNAPSHOT @ C:\Users\USUARIO\SINSENIOR\Sinsenior\pom.xml.
2012-08-05 19:37:52,476 [Worker-26] INFO  o.e.m.j.i.AbstractJavaProjectConfigurator - Adding resource folder /Sinsenior/src/main/resources
2012-08-05 19:37:54,312 [Worker-26] INFO  o.e.m.c.i.p.ProjectConfigurationManager - Project import completed 2 sec
2012-08-05 19:37:54,441 [Worker-36] INFO  o.e.m.c.i.l.LifecycleMappingFactory - Using org.maven.ide.eclipse.wtp.WarLifecycleMapping lifecycle mapping for MavenProject: UPC:Sinsenior:0.0.1-SNAPSHOT @ C:\Users\USUARIO\SINSENIOR\Sinsenior\pom.xml.
2012-08-05 19:37:55,055 [Worker-38] INFO  o.e.m.c.i.l.LifecycleMappingFactory - Using org.maven.ide.eclipse.wtp.WarLifecycleMapping lifecycle mapping for MavenProject: UPC:Sinsenior:0.0.1-SNAPSHOT @ C:\Users\USUARIO\SINSENIOR\Sinsenior\pom.xml.
2012-08-05 19:37:55,179 [Worker-38] WARN  o.e.m.c.i.embedder.EclipseLogger - Using platform encoding (Cp1252 actually) to copy filtered resources, i.e. build is platform dependent!
2012-08-05 19:37:55,182 [Worker-38] INFO  o.e.m.c.i.embedder.EclipseLogger - Copying 0 resource
2012-08-05 19:37:55,183 [Worker-38] WARN  o.e.m.c.i.embedder.EclipseLogger - Using platform encoding (Cp1252 actually) to copy filtered resources, i.e. build is platform dependent!
2012-08-05 19:37:55,185 [Worker-38] INFO  o.e.m.c.i.embedder.EclipseLogger - skip non existing resourceDirectory C:\Users\USUARIO\SINSENIOR\Sinsenior\src\test\resources
2012-08-05 19:37:55,839 [Worker-38] INFO  o.e.m.c.i.l.LifecycleMappingFactory - Using org.maven.ide.eclipse.wtp.WarLifecycleMapping lifecycle mapping for MavenProject: UPC:Sinsenior:0.0.1-SNAPSHOT @ C:\Users\USUARIO\SINSENIOR\Sinsenior\pom.xml.
2012-08-05 19:37:56,010 [Worker-38] WARN  o.e.m.c.i.embedder.EclipseLogger - Using platform encoding (Cp1252 actually) to copy filtered resources, i.e. build is platform dependent!
2012-08-05 19:37:56,013 [Worker-38] INFO  o.e.m.c.i.embedder.EclipseLogger - Copying 0 resource
2012-08-05 19:37:56,015 [Worker-38] WARN  o.e.m.c.i.embedder.EclipseLogger - Using platform encoding (Cp1252 actually) to copy filtered resources, i.e. build is platform dependent!
2012-08-05 19:37:56,020 [Worker-38] INFO  o.e.m.c.i.embedder.EclipseLogger - skip non existing resourceDirectory C:\Users\USUARIO\SINSENIOR\Sinsenior\src\test\resources
2012-08-05 19:38:17,432 [Worker-34] INFO  o.e.m.c.i.l.LifecycleMappingFactory - Using org.maven.ide.eclipse.wtp.WarLifecycleMapping lifecycle mapping for MavenProject: edu.upc.clase:spring-webmvc:1.0.0-SNAPSHOT @ C:\Users\USUARIO\SINSENIOR\Sinsenior\pom.xml.
2012-08-05 19:38:19,190 [Worker-34] INFO  o.e.m.c.i.embedder.EclipseLogger - Using 'UTF-8' encoding to copy filtered resources.
2012-08-05 19:38:19,191 [Worker-34] INFO  o.e.m.c.i.embedder.EclipseLogger - Copying 0 resource
2012-08-05 19:38:19,191 [Worker-34] INFO  o.e.m.c.i.embedder.EclipseLogger - Copying 0 resource
2012-08-05 19:38:19,193 [Worker-34] INFO  o.e.m.c.i.embedder.EclipseLogger - Using 'UTF-8' encoding to copy filtered resources.
2012-08-05 19:38:19,193 [Worker-34] INFO  o.e.m.c.i.embedder.EclipseLogger - skip non existing resourceDirectory C:\Users\USUARIO\SINSENIOR\Sinsenior\src\test\resources
2012-08-05 19:38:19,193 [Worker-34] INFO  o.m.i.e.w.f.ResourceFilteringBuildParticipant - Changed resources require a complete clean of filtered resources of Sinsenior
2012-08-05 19:38:19,193 [Worker-34] INFO  o.m.i.e.w.f.ResourceFilteringBuildParticipant - Executing resource filtering for Sinsenior
2012-08-05 19:38:19,199 [Worker-34] INFO  o.e.m.c.i.embedder.EclipseLogger - Using 'UTF-8' encoding to copy filtered resources.
2012-08-05 19:38:54,757 [Worker-31] INFO  o.e.m.c.i.l.LifecycleMappingFactory - Using org.maven.ide.eclipse.wtp.WarLifecycleMapping lifecycle mapping for MavenProject: edu.upc.clase:spring-webmvc:1.0.0-SNAPSHOT @ C:\Users\USUARIO\SINSENIOR\Sinsenior\pom.xml.
2012-08-05 19:38:56,088 [Worker-31] INFO  o.e.m.c.i.embedder.EclipseLogger - Using 'UTF-8' encoding to copy filtered resources.
2012-08-05 19:38:56,088 [Worker-31] INFO  o.e.m.c.i.embedder.EclipseLogger - Copying 0 resource
2012-08-05 19:38:56,089 [Worker-31] INFO  o.e.m.c.i.embedder.EclipseLogger - Copying 0 resource
2012-08-05 19:38:56,090 [Worker-31] INFO  o.e.m.c.i.embedder.EclipseLogger - Using 'UTF-8' encoding to copy filtered resources.
2012-08-05 19:38:56,090 [Worker-31] INFO  o.e.m.c.i.embedder.EclipseLogger - skip non existing resourceDirectory C:\Users\USUARIO\SINSENIOR\Sinsenior\src\test\resources
2012-08-05 19:38:56,090 [Worker-31] INFO  o.m.i.e.w.f.ResourceFilteringBuildParticipant - Changed resources require a complete clean of filtered resources of Sinsenior
2012-08-05 19:38:56,091 [Worker-31] INFO  o.m.i.e.w.f.ResourceFilteringBuildParticipant - Executing resource filtering for Sinsenior
2012-08-05 19:38:56,095 [Worker-31] INFO  o.e.m.c.i.embedder.EclipseLogger - Using 'UTF-8' encoding to copy filtered resources.
2012-08-05 19:39:19,372 [Worker-39] INFO  o.e.m.c.i.l.LifecycleMappingFactory - Using org.maven.ide.eclipse.wtp.WarLifecycleMapping lifecycle mapping for MavenProject: edu.upc.clase:spring-webmvc:1.0.0-SNAPSHOT @ C:\Users\USUARIO\SINSENIOR\Sinsenior\pom.xml.
2012-08-05 19:39:20,610 [Worker-39] INFO  o.e.m.c.i.embedder.EclipseLogger - Using 'UTF-8' encoding to copy filtered resources.
2012-08-05 19:39:20,611 [Worker-39] INFO  o.e.m.c.i.embedder.EclipseLogger - Copying 0 resource
2012-08-05 19:39:20,611 [Worker-39] INFO  o.e.m.c.i.embedder.EclipseLogger - Copying 0 resource
2012-08-05 19:39:20,612 [Worker-39] INFO  o.e.m.c.i.embedder.EclipseLogger - Using 'UTF-8' encoding to copy filtered resources.
2012-08-05 19:39:20,612 [Worker-39] INFO  o.e.m.c.i.embedder.EclipseLogger - skip non existing resourceDirectory C:\Users\USUARIO\SINSENIOR\Sinsenior\src\test\resources
2012-08-05 19:39:20,613 [Worker-39] INFO  o.m.i.e.w.f.ResourceFilteringBuildParticipant - Changed resources require a complete clean of filtered resources of Sinsenior
2012-08-05 19:39:20,613 [Worker-39] INFO  o.m.i.e.w.f.ResourceFilteringBuildParticipant - Executing resource filtering for Sinsenior
2012-08-05 19:39:20,617 [Worker-39] INFO  o.e.m.c.i.embedder.EclipseLogger - Using 'UTF-8' encoding to copy filtered resources.
2012-08-05 19:40:20,146 [Worker-25] INFO  o.e.m.c.i.embedder.EclipseLogger - Using 'UTF-8' encoding to copy filtered resources.
2012-08-05 19:40:20,147 [Worker-25] INFO  o.e.m.c.i.embedder.EclipseLogger - Copying 0 resource
2012-08-05 19:40:20,148 [Worker-25] INFO  o.e.m.c.i.embedder.EclipseLogger - Copying 0 resource
2012-08-05 19:40:20,149 [Worker-25] INFO  o.e.m.c.i.embedder.EclipseLogger - Using 'UTF-8' encoding to copy filtered resources.
2012-08-05 19:40:20,150 [Worker-25] INFO  o.e.m.c.i.embedder.EclipseLogger - skip non existing resourceDirectory C:\Users\USUARIO\SINSENIOR\Sinsenior\src\test\resources
2012-08-05 19:40:38,524 [Worker-31] INFO  o.e.m.c.i.embedder.EclipseLogger - Using 'UTF-8' encoding to copy filtered resources.
2012-08-05 19:40:38,525 [Worker-31] INFO  o.e.m.c.i.embedder.EclipseLogger - Copying 0 resource
2012-08-05 19:40:38,525 [Worker-31] INFO  o.e.m.c.i.embedder.EclipseLogger - Copying 0 resource
2012-08-05 19:40:38,528 [Worker-31] INFO  o.e.m.c.i.embedder.EclipseLogger - Using 'UTF-8' encoding to copy filtered resources.
2012-08-05 19:40:38,529 [Worker-31] INFO  o.e.m.c.i.embedder.EclipseLogger - skip non existing resourceDirectory C:\Users\USUARIO\SINSENIOR\Sinsenior\src\test\resources
2012-08-05 19:40:38,585 [Worker-31] INFO  o.e.m.c.i.l.LifecycleMappingFactory - Using org.maven.ide.eclipse.wtp.WarLifecycleMapping lifecycle mapping for MavenProject: edu.upc.clase:spring-webmvc:1.0.0-SNAPSHOT @ C:\Users\USUARIO\SINSENIOR\sinsenior-webmvc1\pom.xml.
2012-08-05 19:40:40,474 [Worker-31] INFO  o.e.m.c.i.embedder.EclipseLogger - Using 'UTF-8' encoding to copy filtered resources.
2012-08-05 19:40:40,475 [Worker-31] INFO  o.e.m.c.i.embedder.EclipseLogger - Copying 0 resource
2012-08-05 19:40:40,475 [Worker-31] INFO  o.e.m.c.i.embedder.EclipseLogger - Copying 0 resource
2012-08-05 19:40:40,476 [Worker-31] INFO  o.e.m.c.i.embedder.EclipseLogger - Using 'UTF-8' encoding to copy filtered resources.
2012-08-05 19:40:40,477 [Worker-31] INFO  o.e.m.c.i.embedder.EclipseLogger - Copying 0 resource
2012-08-05 19:40:40,477 [Worker-31] INFO  o.m.i.e.w.f.ResourceFilteringBuildParticipant - Changed resources require a complete clean of filtered resources of sinsenior-webmvc1
2012-08-05 19:40:40,478 [Worker-31] INFO  o.m.i.e.w.f.ResourceFilteringBuildParticipant - Executing resource filtering for sinsenior-webmvc1
2012-08-05 19:40:40,482 [Worker-31] INFO  o.e.m.c.i.embedder.EclipseLogger - Using 'UTF-8' encoding to copy filtered resources.
2012-08-05 19:40:40,732 [Worker-36] INFO  o.e.m.c.i.l.LifecycleMappingFactory - Using org.maven.ide.eclipse.wtp.WarLifecycleMapping lifecycle mapping for MavenProject: edu.upc.clase:spring-webmvc:1.0.0-SNAPSHOT @ C:\Users\USUARIO\SINSENIOR\sinsenior-webmvc1\pom.xml.
2012-08-05 19:41:05,289 [Worker-34] INFO  o.e.m.c.i.embedder.EclipseLogger - Using 'UTF-8' encoding to copy filtered resources.
2012-08-05 19:41:05,290 [Worker-34] INFO  o.e.m.c.i.embedder.EclipseLogger - Copying 0 resource
2012-08-05 19:41:05,290 [Worker-34] INFO  o.e.m.c.i.embedder.EclipseLogger - Copying 0 resource
2012-08-05 19:41:05,291 [Worker-34] INFO  o.e.m.c.i.embedder.EclipseLogger - Using 'UTF-8' encoding to copy filtered resources.
2012-08-05 19:41:05,292 [Worker-34] INFO  o.e.m.c.i.embedder.EclipseLogger - Copying 0 resource
2012-08-05 19:41:13,917 [Worker-34] INFO  o.e.m.c.i.embedder.EclipseLogger - Using 'UTF-8' encoding to copy filtered resources.
2012-08-05 19:41:13,918 [Worker-34] INFO  o.e.m.c.i.embedder.EclipseLogger - Copying 0 resource
2012-08-05 19:41:13,918 [Worker-34] INFO  o.e.m.c.i.embedder.EclipseLogger - Copying 0 resource
2012-08-05 19:41:13,920 [Worker-34] INFO  o.e.m.c.i.embedder.EclipseLogger - Using 'UTF-8' encoding to copy filtered resources.
2012-08-05 19:41:13,920 [Worker-34] INFO  o.e.m.c.i.embedder.EclipseLogger - skip non existing resourceDirectory C:\Users\USUARIO\SINSENIOR\Sinsenior\src\test\resources
2012-08-05 19:41:24,067 [Worker-31] INFO  o.e.m.c.i.embedder.EclipseLogger - Using 'UTF-8' encoding to copy filtered resources.
2012-08-05 19:41:24,068 [Worker-31] INFO  o.e.m.c.i.embedder.EclipseLogger - Copying 0 resource
2012-08-05 19:41:24,068 [Worker-31] INFO  o.e.m.c.i.embedder.EclipseLogger - Copying 0 resource
2012-08-05 19:41:24,070 [Worker-31] INFO  o.e.m.c.i.embedder.EclipseLogger - Using 'UTF-8' encoding to copy filtered resources.
2012-08-05 19:41:24,070 [Worker-31] INFO  o.e.m.c.i.embedder.EclipseLogger - skip non existing resourceDirectory C:\Users\USUARIO\SINSENIOR\Sinsenior\src\test\resources
2012-08-05 19:41:40,191 [Worker-37] INFO  o.e.m.c.i.embedder.EclipseLogger - Using 'UTF-8' encoding to copy filtered resources.
2012-08-05 19:41:40,191 [Worker-37] INFO  o.e.m.c.i.embedder.EclipseLogger - Copying 0 resource
2012-08-05 19:41:40,192 [Worker-37] INFO  o.e.m.c.i.embedder.EclipseLogger - Copying 0 resource
2012-08-05 19:41:40,193 [Worker-37] INFO  o.e.m.c.i.embedder.EclipseLogger - Using 'UTF-8' encoding to copy filtered resources.
2012-08-05 19:41:40,193 [Worker-37] INFO  o.e.m.c.i.embedder.EclipseLogger - skip non existing resourceDirectory C:\Users\USUARIO\SINSENIOR\Sinsenior\src\test\resources
2012-08-05 19:42:02,037 [Worker-25] INFO  o.e.m.c.i.embedder.EclipseLogger - Using 'UTF-8' encoding to copy filtered resources.
2012-08-05 19:42:02,038 [Worker-25] INFO  o.e.m.c.i.embedder.EclipseLogger - Copying 0 resource
2012-08-05 19:42:02,038 [Worker-25] INFO  o.e.m.c.i.embedder.EclipseLogger - Copying 0 resource
2012-08-05 19:42:02,039 [Worker-25] INFO  o.e.m.c.i.embedder.EclipseLogger - Using 'UTF-8' encoding to copy filtered resources.
2012-08-05 19:42:02,040 [Worker-25] INFO  o.e.m.c.i.embedder.EclipseLogger - skip non existing resourceDirectory C:\Users\USUARIO\SINSENIOR\Sinsenior\src\test\resources
2012-08-05 19:42:24,963 [Worker-36] INFO  o.e.m.c.i.l.LifecycleMappingFactory - Using org.maven.ide.eclipse.wtp.WarLifecycleMapping lifecycle mapping for MavenProject: edu.upc.clase:spring-webmvc:1.0.0-SNAPSHOT @ C:\Users\USUARIO\SINSENIOR\Sinsenior\pom.xml.
2012-08-05 19:42:26,636 [Worker-36] INFO  o.e.m.c.i.embedder.EclipseLogger - Using 'UTF-8' encoding to copy filtered resources.
2012-08-05 19:42:26,636 [Worker-36] INFO  o.e.m.c.i.embedder.EclipseLogger - Copying 0 resource
2012-08-05 19:42:26,636 [Worker-36] INFO  o.e.m.c.i.embedder.EclipseLogger - Copying 0 resource
2012-08-05 19:42:26,638 [Worker-36] INFO  o.e.m.c.i.embedder.EclipseLogger - Using 'UTF-8' encoding to copy filtered resources.
2012-08-05 19:42:26,638 [Worker-36] INFO  o.e.m.c.i.embedder.EclipseLogger - skip non existing resourceDirectory C:\Users\USUARIO\SINSENIOR\Sinsenior\src\test\resources
2012-08-05 19:42:35,089 [Worker-36] INFO  o.e.m.c.i.embedder.EclipseLogger - Using 'UTF-8' encoding to copy filtered resources.
2012-08-05 19:42:35,089 [Worker-36] INFO  o.e.m.c.i.embedder.EclipseLogger - Copying 0 resource
2012-08-05 19:42:35,089 [Worker-36] INFO  o.e.m.c.i.embedder.EclipseLogger - Copying 0 resource
2012-08-05 19:42:35,091 [Worker-36] INFO  o.e.m.c.i.embedder.EclipseLogger - Using 'UTF-8' encoding to copy filtered resources.
2012-08-05 19:42:35,091 [Worker-36] INFO  o.e.m.c.i.embedder.EclipseLogger - skip non existing resourceDirectory C:\Users\USUARIO\SINSENIOR\Sinsenior\src\test\resources
2012-08-05 19:42:45,431 [Worker-34] INFO  o.e.m.c.i.embedder.EclipseLogger - Using 'UTF-8' encoding to copy filtered resources.
2012-08-05 19:42:45,431 [Worker-34] INFO  o.e.m.c.i.embedder.EclipseLogger - Copying 1 resource
2012-08-05 19:42:45,436 [Worker-34] INFO  o.e.m.c.i.embedder.EclipseLogger - Copying 7 resources
2012-08-05 19:42:45,460 [Worker-34] INFO  o.e.m.c.i.embedder.EclipseLogger - Using 'UTF-8' encoding to copy filtered resources.
2012-08-05 19:42:45,460 [Worker-34] INFO  o.e.m.c.i.embedder.EclipseLogger - skip non existing resourceDirectory C:\Users\USUARIO\SINSENIOR\Sinsenior\src\test\resources
2012-08-05 19:43:09,206 [Worker-39] INFO  o.e.m.c.i.l.LifecycleMappingFactory - Using org.maven.ide.eclipse.wtp.WarLifecycleMapping lifecycle mapping for MavenProject: edu.upc.clase:spring-webmvc:1.0.0-SNAPSHOT @ C:\Users\USUARIO\SINSENIOR\Sinsenior\pom.xml.
2012-08-05 19:43:10,547 [Worker-39] INFO  o.e.m.c.i.embedder.EclipseLogger - Using 'UTF-8' encoding to copy filtered resources.
2012-08-05 19:43:10,548 [Worker-39] INFO  o.e.m.c.i.embedder.EclipseLogger - Copying 0 resource
2012-08-05 19:43:10,548 [Worker-39] INFO  o.e.m.c.i.embedder.EclipseLogger - Copying 0 resource
2012-08-05 19:43:10,550 [Worker-39] INFO  o.e.m.c.i.embedder.EclipseLogger - Using 'UTF-8' encoding to copy filtered resources.
2012-08-05 19:43:10,550 [Worker-39] INFO  o.e.m.c.i.embedder.EclipseLogger - skip non existing resourceDirectory C:\Users\USUARIO\SINSENIOR\Sinsenior\src\test\resources
2012-08-05 19:43:15,949 [Worker-38] INFO  o.e.m.c.i.embedder.EclipseLogger - Using 'UTF-8' encoding to copy filtered resources.
2012-08-05 19:43:15,949 [Worker-38] INFO  o.e.m.c.i.embedder.EclipseLogger - Copying 0 resource
2012-08-05 19:43:15,949 [Worker-38] INFO  o.e.m.c.i.embedder.EclipseLogger - Copying 0 resource
2012-08-05 19:43:15,951 [Worker-38] INFO  o.e.m.c.i.embedder.EclipseLogger - Using 'UTF-8' encoding to copy filtered resources.
2012-08-05 19:43:15,951 [Worker-38] INFO  o.e.m.c.i.embedder.EclipseLogger - skip non existing resourceDirectory C:\Users\USUARIO\SINSENIOR\Sinsenior\src\test\resources
2012-08-05 19:43:36,439 [Worker-31] INFO  o.e.m.c.i.l.LifecycleMappingFactory - Using org.maven.ide.eclipse.wtp.WarLifecycleMapping lifecycle mapping for MavenProject: edu.upc.clase:spring-webmvc:1.0.0-SNAPSHOT @ C:\Users\USUARIO\SINSENIOR\Sinsenior\pom.xml.
2012-08-05 19:43:37,744 [Worker-31] INFO  o.e.m.c.i.embedder.EclipseLogger - Using 'UTF-8' encoding to copy filtered resources.
2012-08-05 19:43:37,744 [Worker-31] INFO  o.e.m.c.i.embedder.EclipseLogger - Copying 0 resource
2012-08-05 19:43:37,745 [Worker-31] INFO  o.e.m.c.i.embedder.EclipseLogger - Copying 0 resource
2012-08-05 19:43:37,747 [Worker-31] INFO  o.e.m.c.i.embedder.EclipseLogger - Using 'UTF-8' encoding to copy filtered resources.
2012-08-05 19:43:37,747 [Worker-31] INFO  o.e.m.c.i.embedder.EclipseLogger - Copying 0 resource
2012-08-05 19:43:43,055 [Worker-31] INFO  o.e.m.c.i.embedder.EclipseLogger - Using 'UTF-8' encoding to copy filtered resources.
2012-08-05 19:43:43,056 [Worker-31] INFO  o.e.m.c.i.embedder.EclipseLogger - Copying 0 resource
2012-08-05 19:43:43,056 [Worker-31] INFO  o.e.m.c.i.embedder.EclipseLogger - Copying 0 resource
2012-08-05 19:43:43,059 [Worker-31] INFO  o.e.m.c.i.embedder.EclipseLogger - Using 'UTF-8' encoding to copy filtered resources.
2012-08-05 19:43:43,060 [Worker-31] INFO  o.e.m.c.i.embedder.EclipseLogger - Copying 3 resources
2012-08-05 19:44:07,193 [Worker-37] INFO  o.e.m.c.i.embedder.EclipseLogger - Using 'UTF-8' encoding to copy filtered resources.
2012-08-05 19:44:07,194 [Worker-37] INFO  o.e.m.c.i.embedder.EclipseLogger - Copying 0 resource
2012-08-05 19:44:07,194 [Worker-37] INFO  o.e.m.c.i.embedder.EclipseLogger - Copying 0 resource
2012-08-05 19:44:07,195 [Worker-37] INFO  o.e.m.c.i.embedder.EclipseLogger - Using 'UTF-8' encoding to copy filtered resources.
2012-08-05 19:44:07,196 [Worker-37] INFO  o.e.m.c.i.embedder.EclipseLogger - Copying 0 resource
2012-08-05 19:44:21,000 [Worker-37] INFO  o.e.m.c.i.embedder.EclipseLogger - Using 'UTF-8' encoding to copy filtered resources.
2012-08-05 19:44:21,002 [Worker-37] INFO  o.e.m.c.i.embedder.EclipseLogger - Copying 0 resource
2012-08-05 19:44:21,002 [Worker-37] INFO  o.e.m.c.i.embedder.EclipseLogger - Copying 0 resource
2012-08-05 19:44:21,005 [Worker-37] INFO  o.e.m.c.i.embedder.EclipseLogger - Using 'UTF-8' encoding to copy filtered resources.
2012-08-05 19:44:21,006 [Worker-37] INFO  o.e.m.c.i.embedder.EclipseLogger - Copying 0 resource
2012-08-05 19:44:24,922 [Worker-37] INFO  o.e.m.c.i.embedder.EclipseLogger - Using 'UTF-8' encoding to copy filtered resources.
2012-08-05 19:44:24,923 [Worker-37] INFO  o.e.m.c.i.embedder.EclipseLogger - Copying 0 resource
2012-08-05 19:44:24,923 [Worker-37] INFO  o.e.m.c.i.embedder.EclipseLogger - Copying 0 resource
2012-08-05 19:44:24,925 [Worker-37] INFO  o.e.m.c.i.embedder.EclipseLogger - Using 'UTF-8' encoding to copy filtered resources.
2012-08-05 19:44:24,925 [Worker-37] INFO  o.e.m.c.i.embedder.EclipseLogger - Copying 0 resource
2012-08-05 19:44:47,085 [Worker-25] INFO  o.e.m.c.i.embedder.EclipseLogger - Using 'UTF-8' encoding to copy filtered resources.
2012-08-05 19:44:47,086 [Worker-25] INFO  o.e.m.c.i.embedder.EclipseLogger - Copying 0 resource
2012-08-05 19:44:47,086 [Worker-25] INFO  o.e.m.c.i.embedder.EclipseLogger - Copying 0 resource
2012-08-05 19:44:47,088 [Worker-25] INFO  o.e.m.c.i.embedder.EclipseLogger - Using 'UTF-8' encoding to copy filtered resources.
2012-08-05 19:44:47,089 [Worker-25] INFO  o.e.m.c.i.embedder.EclipseLogger - Copying 0 resource
2012-08-05 19:44:54,967 [Worker-26] INFO  o.e.m.i.launch.MavenLaunchDelegate - C:\Users\USUARIO\SINSENIOR\Sinsenior
2012-08-05 19:44:54,967 [Worker-26] INFO  o.e.m.i.launch.MavenLaunchDelegate -  mvn -B generate-sources
2012-08-05 19:46:16,663 [Worker-26] INFO  o.e.m.c.i.embedder.EclipseLogger - Using 'UTF-8' encoding to copy filtered resources.
2012-08-05 19:46:16,664 [Worker-26] INFO  o.e.m.c.i.embedder.EclipseLogger - Copying 0 resource
2012-08-05 19:46:16,664 [Worker-26] INFO  o.e.m.c.i.embedder.EclipseLogger - Copying 0 resource
2012-08-05 19:46:16,667 [Worker-26] INFO  o.e.m.c.i.embedder.EclipseLogger - Using 'UTF-8' encoding to copy filtered resources.
2012-08-05 19:46:16,668 [Worker-26] INFO  o.e.m.c.i.embedder.EclipseLogger - Copying 0 resource
2012-08-05 19:51:09,888 [Worker-37] INFO  o.e.m.c.i.embedder.EclipseLogger - Using 'UTF-8' encoding to copy filtered resources.
2012-08-05 19:51:09,888 [Worker-37] INFO  o.e.m.c.i.embedder.EclipseLogger - Copying 0 resource
2012-08-05 19:51:09,888 [Worker-37] INFO  o.e.m.c.i.embedder.EclipseLogger - Copying 0 resource
2012-08-05 19:51:09,890 [Worker-37] INFO  o.e.m.c.i.embedder.EclipseLogger - Using 'UTF-8' encoding to copy filtered resources.
2012-08-05 19:51:09,890 [Worker-37] INFO  o.e.m.c.i.embedder.EclipseLogger - Copying 0 resource
2012-08-05 19:51:44,858 [Worker-41] INFO  o.e.m.c.i.l.LifecycleMappingFactory - Using org.maven.ide.eclipse.wtp.WarLifecycleMapping lifecycle mapping for MavenProject: UPC:sinsenior:1.0.0-SNAPSHOT @ C:\Users\USUARIO\SINSENIOR\Sinsenior\pom.xml.
2012-08-05 19:51:46,403 [Worker-41] INFO  o.e.m.c.i.embedder.EclipseLogger - Using 'UTF-8' encoding to copy filtered resources.
2012-08-05 19:51:46,404 [Worker-41] INFO  o.e.m.c.i.embedder.EclipseLogger - Copying 0 resource
2012-08-05 19:51:46,404 [Worker-41] INFO  o.e.m.c.i.embedder.EclipseLogger - Copying 0 resource
2012-08-05 19:51:46,406 [Worker-41] INFO  o.e.m.c.i.embedder.EclipseLogger - Using 'UTF-8' encoding to copy filtered resources.
2012-08-05 19:51:46,406 [Worker-41] INFO  o.e.m.c.i.embedder.EclipseLogger - Copying 0 resource
2012-08-05 19:51:46,406 [Worker-41] INFO  o.m.i.e.w.f.ResourceFilteringBuildParticipant - Changed resources require a complete clean of filtered resources of Sinsenior
2012-08-05 19:51:46,406 [Worker-41] INFO  o.m.i.e.w.f.ResourceFilteringBuildParticipant - Executing resource filtering for Sinsenior
2012-08-05 19:51:46,540 [Worker-41] INFO  o.e.m.c.i.embedder.EclipseLogger - Using 'UTF-8' encoding to copy filtered resources.
2012-08-05 19:52:02,898 [Worker-37] INFO  o.e.m.c.i.l.LifecycleMappingFactory - Using org.maven.ide.eclipse.wtp.WarLifecycleMapping lifecycle mapping for MavenProject: UPC:sinsenior:1.0.0-SNAPSHOT @ C:\Users\USUARIO\SINSENIOR\Sinsenior\pom.xml.
2012-08-05 19:52:04,166 [Worker-37] INFO  o.e.m.c.i.embedder.EclipseLogger - Using 'UTF-8' encoding to copy filtered resources.
2012-08-05 19:52:04,167 [Worker-37] INFO  o.e.m.c.i.embedder.EclipseLogger - Copying 0 resource
2012-08-05 19:52:04,167 [Worker-37] INFO  o.e.m.c.i.embedder.EclipseLogger - Copying 0 resource
2012-08-05 19:52:04,169 [Worker-37] INFO  o.e.m.c.i.embedder.EclipseLogger - Using 'UTF-8' encoding to copy filtered resources.
2012-08-05 19:52:04,169 [Worker-37] INFO  o.e.m.c.i.embedder.EclipseLogger - Copying 0 resource
2012-08-05 19:52:04,169 [Worker-37] INFO  o.m.i.e.w.f.ResourceFilteringBuildParticipant - Changed resources require a complete clean of filtered resources of Sinsenior
2012-08-05 19:52:04,170 [Worker-37] INFO  o.m.i.e.w.f.ResourceFilteringBuildParticipant - Executing resource filtering for Sinsenior
2012-08-05 19:52:04,174 [Worker-37] INFO  o.e.m.c.i.embedder.EclipseLogger - Using 'UTF-8' encoding to copy filtered resources.
2012-08-05 19:52:36,438 [Worker-41] INFO  o.e.m.c.i.l.LifecycleMappingFactory - Using org.maven.ide.eclipse.wtp.WarLifecycleMapping lifecycle mapping for MavenProject: UPC-EDU:sinsenior:1.0.0-SNAPSHOT @ C:\Users\USUARIO\SINSENIOR\Sinsenior\pom.xml.
2012-08-05 19:52:38,197 [Worker-41] INFO  o.e.m.c.i.embedder.EclipseLogger - Using 'UTF-8' encoding to copy filtered resources.
2012-08-05 19:52:38,198 [Worker-41] INFO  o.e.m.c.i.embedder.EclipseLogger - Copying 0 resource
2012-08-05 19:52:38,198 [Worker-41] INFO  o.e.m.c.i.embedder.EclipseLogger - Copying 0 resource
2012-08-05 19:52:38,200 [Worker-41] INFO  o.e.m.c.i.embedder.EclipseLogger - Using 'UTF-8' encoding to copy filtered resources.
2012-08-05 19:52:38,201 [Worker-41] INFO  o.e.m.c.i.embedder.EclipseLogger - Copying 0 resource
2012-08-05 19:52:38,201 [Worker-41] INFO  o.m.i.e.w.f.ResourceFilteringBuildParticipant - Changed resources require a complete clean of filtered resources of Sinsenior
2012-08-05 19:52:38,201 [Worker-41] INFO  o.m.i.e.w.f.ResourceFilteringBuildParticipant - Executing resource filtering for Sinsenior
2012-08-05 19:52:38,205 [Worker-41] INFO  o.e.m.c.i.embedder.EclipseLogger - Using 'UTF-8' encoding to copy filtered resources.
2012-08-05 19:53:41,716 [Worker-38] INFO  o.e.m.c.i.embedder.EclipseLogger - Using 'UTF-8' encoding to copy filtered resources.
2012-08-05 19:53:41,717 [Worker-38] INFO  o.e.m.c.i.embedder.EclipseLogger - Copying 0 resource
2012-08-05 19:53:41,717 [Worker-38] INFO  o.e.m.c.i.embedder.EclipseLogger - Copying 1 resource
2012-08-05 19:53:41,722 [Worker-38] INFO  o.e.m.c.i.embedder.EclipseLogger - Using 'UTF-8' encoding to copy filtered resources.
2012-08-05 19:53:41,723 [Worker-38] INFO  o.e.m.c.i.embedder.EclipseLogger - Copying 0 resource
2012-08-05 19:55:38,525 [Worker-25] INFO  o.e.m.c.i.l.LifecycleMappingFactory - Using org.maven.ide.eclipse.wtp.WarLifecycleMapping lifecycle mapping for MavenProject: edu.upc.clase:spring-webmvc:1.0.0-SNAPSHOT @ C:\Users\USUARIO\SINSENIOR\sinsenior-webmvc1\pom.xml.
2012-08-05 19:55:40,137 [Worker-25] INFO  o.e.m.j.i.AbstractJavaProjectConfigurator - Adding source folder /sinsenior-webmvc1/src/main/java
2012-08-05 19:55:40,138 [Worker-25] INFO  o.e.m.j.i.AbstractJavaProjectConfigurator - Adding resource folder /sinsenior-webmvc1/src/main/resources
2012-08-05 19:55:40,139 [Worker-25] INFO  o.e.m.j.i.AbstractJavaProjectConfigurator - Resources folder /sinsenior-webmvc1/src/main/resources overlaps with sources folder /sinsenior-webmvc1/src/main/resources
2012-08-05 19:55:40,139 [Worker-25] INFO  o.e.m.j.i.AbstractJavaProjectConfigurator - Adding source folder /sinsenior-webmvc1/src/test/java
2012-08-05 19:55:40,139 [Worker-25] INFO  o.e.m.j.i.AbstractJavaProjectConfigurator - Adding resource folder /sinsenior-webmvc1/src/test/resources
2012-08-05 19:55:40,409 [Worker-38] INFO  o.e.m.c.i.l.LifecycleMappingFactory - Using org.maven.ide.eclipse.wtp.WarLifecycleMapping lifecycle mapping for MavenProject: edu.upc.clase:spring-webmvc:1.0.0-SNAPSHOT @ C:\Users\USUARIO\SINSENIOR\sinsenior-webmvc1\pom.xml.
2012-08-05 19:55:40,784 [Worker-25] INFO  o.e.m.c.i.p.ProjectConfigurationManager - Project import completed 2 sec
2012-08-05 19:55:42,539 [Worker-38] INFO  o.e.m.c.i.l.LifecycleMappingFactory - Using org.maven.ide.eclipse.wtp.WarLifecycleMapping lifecycle mapping for MavenProject: edu.upc.clase:spring-webmvc:1.0.0-SNAPSHOT @ C:\Users\USUARIO\SINSENIOR\sinsenior-webmvc1\pom.xml.
2012-08-05 19:55:42,702 [Worker-43] INFO  o.e.m.c.u.i.UpdateConfigurationJob - Update started
2012-08-05 19:55:42,702 [Worker-43] INFO  o.e.m.c.u.i.UpdateConfigurationJob - Update completed: 0 sec
2012-08-05 19:55:43,620 [Worker-43] INFO  o.e.m.c.i.l.LifecycleMappingFactory - Using org.maven.ide.eclipse.wtp.WarLifecycleMapping lifecycle mapping for MavenProject: edu.upc.clase:spring-webmvc:1.0.0-SNAPSHOT @ C:\Users\USUARIO\SINSENIOR\sinsenior-webmvc1\pom.xml.
2012-08-05 19:55:45,452 [Worker-43] INFO  o.e.m.c.i.embedder.EclipseLogger - Using 'UTF-8' encoding to copy filtered resources.
2012-08-05 19:55:45,453 [Worker-43] INFO  o.e.m.c.i.embedder.EclipseLogger - Copying 1 resource
2012-08-05 19:55:45,457 [Worker-43] INFO  o.e.m.c.i.embedder.EclipseLogger - Copying 7 resources
2012-08-05 19:55:45,460 [Worker-43] INFO  o.e.m.c.i.embedder.EclipseLogger - Using 'UTF-8' encoding to copy filtered resources.
2012-08-05 19:55:45,461 [Worker-43] INFO  o.e.m.c.i.embedder.EclipseLogger - Copying 3 resources
2012-08-05 19:55:46,805 [Worker-38] INFO  o.e.m.c.i.l.LifecycleMappingFactory - Using org.maven.ide.eclipse.wtp.WarLifecycleMapping lifecycle mapping for MavenProject: edu.upc.clase:spring-webmvc:1.0.0-SNAPSHOT @ C:\Users\USUARIO\SINSENIOR\sinsenior-webmvc1\pom.xml.
2012-08-05 19:55:47,514 [Worker-38] INFO  o.e.m.c.i.l.LifecycleMappingFactory - Using org.maven.ide.eclipse.wtp.WarLifecycleMapping lifecycle mapping for MavenProject: edu.upc.clase:spring-webmvc:1.0.0-SNAPSHOT @ C:\Users\USUARIO\SINSENIOR\sinsenior-webmvc1\pom.xml.
2012-08-05 19:55:55,260 [Worker-47] INFO  o.e.m.c.i.embedder.EclipseLogger - Using 'UTF-8' encoding to copy filtered resources.
2012-08-05 19:55:55,263 [Worker-47] INFO  o.e.m.c.i.embedder.EclipseLogger - Copying 0 resource
2012-08-05 19:55:55,264 [Worker-47] INFO  o.e.m.c.i.embedder.EclipseLogger - Copying 0 resource
2012-08-05 19:55:55,265 [Worker-47] INFO  o.e.m.c.i.embedder.EclipseLogger - Using 'UTF-8' encoding to copy filtered resources.
2012-08-05 19:55:55,266 [Worker-47] INFO  o.e.m.c.i.embedder.EclipseLogger - Copying 0 resource
2012-08-05 19:58:46,003 [Worker-41] INFO  o.m.i.e.w.f.ResourceFilteringBuildParticipant - Cleaning filtered folder for sinsenior-webmvc1
2012-08-05 19:58:46,066 [Worker-41] INFO  o.m.i.e.w.f.ResourceFilteringBuildParticipant - Cleaning filtered folder for wscliente
2012-08-05 19:58:56,067 [Worker-45] INFO  o.e.m.c.i.l.LifecycleMappingFactory - Using org.maven.ide.eclipse.wtp.WarLifecycleMapping lifecycle mapping for MavenProject: com.mycompany:wscliente:1.0 @ C:\Users\USUARIO\SINSENIOR\wscliente\pom.xml.
2012-08-05 19:58:57,742 [Worker-45] WARN  o.e.m.c.i.embedder.EclipseLogger - Using platform encoding (Cp1252 actually) to copy filtered resources, i.e. build is platform dependent!
2012-08-05 19:58:57,745 [Worker-45] INFO  o.e.m.c.i.embedder.EclipseLogger - skip non existing resourceDirectory C:\Users\USUARIO\SINSENIOR\wscliente\src\main\resources
2012-08-05 19:58:57,747 [Worker-45] WARN  o.e.m.c.i.embedder.EclipseLogger - Using platform encoding (Cp1252 actually) to copy filtered resources, i.e. build is platform dependent!
2012-08-05 19:58:57,750 [Worker-45] INFO  o.e.m.c.i.embedder.EclipseLogger - Copying 1 resource
2012-08-05 19:58:58,338 [Worker-45] INFO  o.e.m.c.i.l.LifecycleMappingFactory - Using org.maven.ide.eclipse.wtp.WarLifecycleMapping lifecycle mapping for MavenProject: edu.upc.clase:spring-webmvc:1.0.0-SNAPSHOT @ C:\Users\USUARIO\SINSENIOR\sinsenior-webmvc1\pom.xml.
2012-08-05 19:59:00,060 [Worker-45] INFO  o.e.m.c.i.embedder.EclipseLogger - Using 'UTF-8' encoding to copy filtered resources.
2012-08-05 19:59:00,061 [Worker-45] INFO  o.e.m.c.i.embedder.EclipseLogger - Copying 1 resource
2012-08-05 19:59:00,067 [Worker-45] INFO  o.e.m.c.i.embedder.EclipseLogger - Copying 7 resources
2012-08-05 19:59:00,110 [Worker-45] INFO  o.e.m.c.i.embedder.EclipseLogger - Using 'UTF-8' encoding to copy filtered resources.
2012-08-05 19:59:00,111 [Worker-45] INFO  o.e.m.c.i.embedder.EclipseLogger - Copying 3 resources
2012-08-05 20:01:23,526 [Worker-0] WARN  o.e.m.c.i.embedder.EclipseLogger - Using platform encoding (Cp1252 actually) to copy filtered resources, i.e. build is platform dependent!
2012-08-05 20:01:23,541 [Worker-0] INFO  o.e.m.c.i.embedder.EclipseLogger - skip non existing resourceDirectory C:\Users\USUARIO\SINSENIOR\wscliente\src\main\resources
2012-08-05 20:01:23,545 [Worker-0] WARN  o.e.m.c.i.embedder.EclipseLogger - Using platform encoding (Cp1252 actually) to copy filtered resources, i.e. build is platform dependent!
2012-08-05 20:01:23,662 [Worker-0] INFO  o.e.m.c.i.embedder.EclipseLogger - Copying 1 resource
2012-08-05 20:06:43,069 [Worker-0] INFO  o.e.m.i.launch.MavenLaunchDelegate - C:\Users\USUARIO\SINSENIOR\sinsenior-webmvc1
2012-08-05 20:06:43,083 [Worker-0] INFO  o.e.m.i.launch.MavenLaunchDelegate -  mvn -B clean
2012-08-05 20:07:38,808 [Worker-15] INFO  o.e.m.c.i.l.LifecycleMappingFactory - Using org.maven.ide.eclipse.wtp.WarLifecycleMapping lifecycle mapping for MavenProject: com.mycompany:wscliente:1.0 @ C:\Users\USUARIO\SINSENIOR\wscliente\pom.xml.
2012-08-05 20:07:45,690 [Worker-15] WARN  o.e.m.c.i.embedder.EclipseLogger - Using platform encoding (Cp1252 actually) to copy filtered resources, i.e. build is platform dependent!
2012-08-05 20:07:45,732 [Worker-15] INFO  o.e.m.c.i.embedder.EclipseLogger - skip non existing resourceDirectory C:\Users\USUARIO\SINSENIOR\wscliente\src\main\resources
2012-08-05 20:07:45,738 [Worker-15] WARN  o.e.m.c.i.embedder.EclipseLogger - Using platform encoding (Cp1252 actually) to copy filtered resources, i.e. build is platform dependent!
2012-08-05 20:07:45,757 [Worker-15] INFO  o.e.m.c.i.embedder.EclipseLogger - Copying 1 resource
2012-08-05 20:07:51,971 [Worker-15] INFO  o.e.m.c.i.l.LifecycleMappingFactory - Using org.maven.ide.eclipse.wtp.WarLifecycleMapping lifecycle mapping for MavenProject: edu.upc.clase:spring-webmvc:1.0.0-SNAPSHOT @ C:\Users\USUARIO\SINSENIOR\sinsenior-webmvc1\pom.xml.
2012-08-05 20:08:02,870 [Worker-15] INFO  o.e.m.c.i.embedder.EclipseLogger - Using 'UTF-8' encoding to copy filtered resources.
2012-08-05 20:08:02,873 [Worker-15] INFO  o.e.m.c.i.embedder.EclipseLogger - Copying 1 resource
2012-08-05 20:08:02,974 [Worker-15] INFO  o.e.m.c.i.embedder.EclipseLogger - Copying 7 resources
2012-08-05 20:08:04,214 [Worker-15] INFO  o.e.m.c.i.embedder.EclipseLogger - Using 'UTF-8' encoding to copy filtered resources.
2012-08-05 20:08:04,217 [Worker-15] INFO  o.e.m.c.i.embedder.EclipseLogger - Copying 3 resources
2012-08-05 20:08:41,806 [Worker-9] INFO  o.e.m.c.i.l.LifecycleMappingFactory - Using org.maven.ide.eclipse.wtp.WarLifecycleMapping lifecycle mapping for MavenProject: edu.upc.clase:spring-webmvc:1.0.0-SNAPSHOT @ C:\Users\USUARIO\SINSENIOR\sinsenior-webmvc1\pom.xml.
2012-08-05 20:08:43,556 [Worker-9] INFO  o.e.m.c.i.embedder.EclipseLogger - Using 'UTF-8' encoding to copy filtered resources.
2012-08-05 20:08:43,561 [Worker-9] INFO  o.e.m.c.i.embedder.EclipseLogger - Copying 0 resource
2012-08-05 20:08:43,561 [Worker-9] INFO  o.e.m.c.i.embedder.EclipseLogger - Copying 0 resource
2012-08-05 20:08:43,561 [Worker-9] INFO  o.e.m.c.i.embedder.EclipseLogger - Using 'UTF-8' encoding to copy filtered resources.
2012-08-05 20:08:43,561 [Worker-9] INFO  o.e.m.c.i.embedder.EclipseLogger - Copying 0 resource
2012-08-05 20:08:43,561 [Worker-9] INFO  o.m.i.e.w.f.ResourceFilteringBuildParticipant - Changed resources require a complete clean of filtered resources of sinsenior-webmvc1
2012-08-05 20:08:43,566 [Worker-9] INFO  o.m.i.e.w.f.ResourceFilteringBuildParticipant - Executing resource filtering for sinsenior-webmvc1
2012-08-05 20:08:43,576 [Worker-9] INFO  o.e.m.c.i.embedder.EclipseLogger - Using 'UTF-8' encoding to copy filtered resources.
2012-08-05 20:10:28,730 [ModalContext] WARN  o.e.m.i.discovery.MavenDiscovery - CatalogItem org.eclipse.m2e.discovery.lifecyclemapping.m2e-egit does not contain lifecycle mapping metadata
2012-08-05 20:10:28,735 [ModalContext] WARN  o.e.m.i.discovery.MavenDiscovery - CatalogItem org.eclipse.m2e.discovery.lifecyclemapping.m2e-cvs does not contain lifecycle mapping metadata
2012-08-05 20:10:28,735 [ModalContext] WARN  o.e.m.i.discovery.MavenDiscovery - CatalogItem org.eclipse.m2e.discovery.lifecyclemapping.m2e-subversive does not contain lifecycle mapping metadata
2012-08-05 20:10:28,740 [ModalContext] WARN  o.e.m.i.discovery.MavenDiscovery - CatalogItem org.eclipse.m2e.discovery.lifecyclemapping.m2e-subclipse does not contain lifecycle mapping metadata
2012-08-05 20:10:28,745 [ModalContext] WARN  o.e.m.i.discovery.MavenDiscovery - CatalogItem org.eclipse.m2e.discovery.maven-runtime-3.0.3 does not contain lifecycle mapping metadata
2012-08-05 20:10:28,765 [ModalContext] WARN  o.e.m.i.discovery.MavenDiscovery - CatalogItem org.codehaus.groovy.m2eclipse does not contain lifecycle mapping metadata
2012-08-05 20:10:29,987 [Worker-1] INFO  o.e.m.c.i.l.LifecycleMappingFactory - Using org.maven.ide.eclipse.wtp.WarLifecycleMapping lifecycle mapping for MavenProject: com.mycompany:wscliente:1.0 @ C:\Users\USUARIO\SINSENIOR\wscliente\wscliente\pom.xml.
2012-08-05 20:10:31,082 [Worker-1] INFO  o.e.m.j.i.AbstractJavaProjectConfigurator - Adding source folder /wscliente/src/main/java
2012-08-05 20:10:31,087 [Worker-1] INFO  o.e.m.j.i.AbstractJavaProjectConfigurator - Adding resource folder /wscliente/src/main/resources
2012-08-05 20:10:31,088 [Worker-1] INFO  o.e.m.j.i.AbstractJavaProjectConfigurator - Adding source folder /wscliente/src/test/java
2012-08-05 20:10:31,088 [Worker-1] INFO  o.e.m.j.i.AbstractJavaProjectConfigurator - Adding resource folder /wscliente/src/test/resources
2012-08-05 20:10:31,599 [Worker-1] INFO  o.e.m.c.i.p.ProjectConfigurationManager - Project import completed 1 sec
2012-08-05 20:10:31,724 [Worker-16] INFO  o.e.m.c.u.i.UpdateConfigurationJob - Update started
2012-08-05 20:10:31,724 [Worker-16] INFO  o.e.m.c.u.i.UpdateConfigurationJob - Update completed: 0 sec
2012-08-05 20:10:32,028 [Worker-6] INFO  o.e.m.c.i.l.LifecycleMappingFactory - Using org.maven.ide.eclipse.wtp.WarLifecycleMapping lifecycle mapping for MavenProject: com.mycompany:wscliente:1.0 @ C:\Users\USUARIO\SINSENIOR\wscliente\wscliente\pom.xml.
2012-08-05 20:10:32,386 [Worker-5] INFO  o.e.m.c.i.l.LifecycleMappingFactory - Using org.maven.ide.eclipse.wtp.WarLifecycleMapping lifecycle mapping for MavenProject: com.mycompany:wscliente:1.0 @ C:\Users\USUARIO\SINSENIOR\wscliente\wscliente\pom.xml.
2012-08-05 20:10:33,190 [Worker-5] WARN  o.e.m.c.i.embedder.EclipseLogger - Using platform encoding (Cp1252 actually) to copy filtered resources, i.e. build is platform dependent!
2012-08-05 20:10:33,195 [Worker-5] INFO  o.e.m.c.i.embedder.EclipseLogger - Copying 0 resource
2012-08-05 20:10:33,195 [Worker-5] WARN  o.e.m.c.i.embedder.EclipseLogger - Using platform encoding (Cp1252 actually) to copy filtered resources, i.e. build is platform dependent!
2012-08-05 20:10:33,200 [Worker-5] INFO  o.e.m.c.i.embedder.EclipseLogger - Copying 1 resource
2012-08-05 20:10:33,502 [Worker-2] INFO  o.e.m.c.i.l.LifecycleMappingFactory - Using org.maven.ide.eclipse.wtp.WarLifecycleMapping lifecycle mapping for MavenProject: com.mycompany:wscliente:1.0 @ C:\Users\USUARIO\SINSENIOR\wscliente\wscliente\pom.xml.
2012-08-05 20:10:33,834 [Worker-2] INFO  o.e.m.c.i.l.LifecycleMappingFactory - Using org.maven.ide.eclipse.wtp.WarLifecycleMapping lifecycle mapping for MavenProject: com.mycompany:wscliente:1.0 @ C:\Users\USUARIO\SINSENIOR\wscliente\wscliente\pom.xml.
2012-08-05 20:10:37,318 [Worker-3] WARN  o.e.m.c.i.embedder.EclipseLogger - Using platform encoding (Cp1252 actually) to copy filtered resources, i.e. build is platform dependent!
2012-08-05 20:10:37,328 [Worker-3] INFO  o.e.m.c.i.embedder.EclipseLogger - Copying 0 resource
2012-08-05 20:10:37,328 [Worker-3] WARN  o.e.m.c.i.embedder.EclipseLogger - Using platform encoding (Cp1252 actually) to copy filtered resources, i.e. build is platform dependent!
2012-08-05 20:10:37,333 [Worker-3] INFO  o.e.m.c.i.embedder.EclipseLogger - Copying 0 resource
2012-08-05 20:11:03,661 [Worker-8] INFO  o.e.m.c.i.l.LifecycleMappingFactory - Using org.maven.ide.eclipse.wtp.WarLifecycleMapping lifecycle mapping for MavenProject: edu.upc.clase:spring-webmvc:1.0.0-SNAPSHOT @ C:\Users\USUARIO\SINSENIOR\sinsenior-webmvc1\pom.xml.
2012-08-05 20:11:05,479 [Worker-8] INFO  o.e.m.j.i.AbstractJavaProjectConfigurator - Adding source folder /sinsenior-webmvc1/src/main/java
2012-08-05 20:11:05,479 [Worker-8] INFO  o.e.m.j.i.AbstractJavaProjectConfigurator - Adding resource folder /sinsenior-webmvc1/src/main/resources
2012-08-05 20:11:05,479 [Worker-8] INFO  o.e.m.j.i.AbstractJavaProjectConfigurator - Resources folder /sinsenior-webmvc1/src/main/resources overlaps with sources folder /sinsenior-webmvc1/src/main/resources
2012-08-05 20:11:05,479 [Worker-8] INFO  o.e.m.j.i.AbstractJavaProjectConfigurator - Adding source folder /sinsenior-webmvc1/src/test/java
2012-08-05 20:11:05,479 [Worker-8] INFO  o.e.m.j.i.AbstractJavaProjectConfigurator - Adding resource folder /sinsenior-webmvc1/src/test/resources
2012-08-05 20:11:05,549 [Worker-16] INFO  o.e.m.c.i.l.LifecycleMappingFactory - Using org.maven.ide.eclipse.wtp.WarLifecycleMapping lifecycle mapping for MavenProject: edu.upc.clase:spring-webmvc:1.0.0-SNAPSHOT @ C:\Users\USUARIO\SINSENIOR\sinsenior-webmvc1\pom.xml.
2012-08-05 20:11:06,438 [Worker-16] INFO  o.e.m.c.i.l.LifecycleMappingFactory - Using org.maven.ide.eclipse.wtp.WarLifecycleMapping lifecycle mapping for MavenProject: edu.upc.clase:spring-webmvc:1.0.0-SNAPSHOT @ C:\Users\USUARIO\SINSENIOR\sinsenior-webmvc1\pom.xml.
2012-08-05 20:11:06,678 [Worker-8] INFO  o.e.m.c.i.p.ProjectConfigurationManager - Project import completed 3 sec
2012-08-05 20:11:09,377 [Worker-0] INFO  o.e.m.c.u.i.UpdateConfigurationJob - Update started
2012-08-05 20:11:09,377 [Worker-0] INFO  o.e.m.c.u.i.UpdateConfigurationJob - Update completed: 0 sec
2012-08-05 20:11:09,762 [Worker-9] INFO  o.e.m.c.i.l.LifecycleMappingFactory - Using org.maven.ide.eclipse.wtp.WarLifecycleMapping lifecycle mapping for MavenProject: edu.upc.clase:spring-webmvc:1.0.0-SNAPSHOT @ C:\Users\USUARIO\SINSENIOR\sinsenior-webmvc1\pom.xml.
2012-08-05 20:11:11,272 [Worker-9] INFO  o.e.m.c.i.embedder.EclipseLogger - Using 'UTF-8' encoding to copy filtered resources.
2012-08-05 20:11:11,272 [Worker-9] INFO  o.e.m.c.i.embedder.EclipseLogger - Copying 1 resource
2012-08-05 20:11:11,277 [Worker-9] INFO  o.e.m.c.i.embedder.EclipseLogger - Copying 7 resources
2012-08-05 20:11:11,277 [Worker-9] INFO  o.e.m.c.i.embedder.EclipseLogger - Using 'UTF-8' encoding to copy filtered resources.
2012-08-05 20:11:11,282 [Worker-9] INFO  o.e.m.c.i.embedder.EclipseLogger - Copying 3 resources
2012-08-05 20:11:12,625 [Worker-14] INFO  o.e.m.c.i.l.LifecycleMappingFactory - Using org.maven.ide.eclipse.wtp.WarLifecycleMapping lifecycle mapping for MavenProject: edu.upc.clase:spring-webmvc:1.0.0-SNAPSHOT @ C:\Users\USUARIO\SINSENIOR\sinsenior-webmvc1\pom.xml.
2012-08-05 20:11:13,175 [Worker-14] INFO  o.e.m.c.i.l.LifecycleMappingFactory - Using org.maven.ide.eclipse.wtp.WarLifecycleMapping lifecycle mapping for MavenProject: edu.upc.clase:spring-webmvc:1.0.0-SNAPSHOT @ C:\Users\USUARIO\SINSENIOR\sinsenior-webmvc1\pom.xml.
2012-08-05 20:11:14,680 [Worker-0] INFO  o.e.m.c.i.embedder.EclipseLogger - Using 'UTF-8' encoding to copy filtered resources.
2012-08-05 20:11:14,681 [Worker-0] INFO  o.e.m.c.i.embedder.EclipseLogger - Copying 0 resource
2012-08-05 20:11:14,681 [Worker-0] INFO  o.e.m.c.i.embedder.EclipseLogger - Copying 0 resource
2012-08-05 20:11:14,683 [Worker-0] INFO  o.e.m.c.i.embedder.EclipseLogger - Using 'UTF-8' encoding to copy filtered resources.
2012-08-05 20:11:14,683 [Worker-0] INFO  o.e.m.c.i.embedder.EclipseLogger - Copying 0 resource
2012-08-05 20:17:30,246 [Worker-12] INFO  o.e.m.c.i.l.LifecycleMappingFactory - Using org.maven.ide.eclipse.wtp.WarLifecycleMapping lifecycle mapping for MavenProject: com.mycompany:wscliente:1.0 @ C:\Users\USUARIO\SINSENIOR\wscliente\wscliente\pom.xml.
2012-08-05 20:17:35,418 [Worker-12] WARN  o.e.m.c.i.embedder.EclipseLogger - Using platform encoding (Cp1252 actually) to copy filtered resources, i.e. build is platform dependent!
2012-08-05 20:17:35,433 [Worker-12] INFO  o.e.m.c.i.embedder.EclipseLogger - Copying 0 resource
2012-08-05 20:17:35,433 [Worker-12] WARN  o.e.m.c.i.embedder.EclipseLogger - Using platform encoding (Cp1252 actually) to copy filtered resources, i.e. build is platform dependent!
2012-08-05 20:17:35,433 [Worker-12] INFO  o.e.m.c.i.embedder.EclipseLogger - Copying 1 resource
2012-08-05 20:17:38,039 [Worker-2] INFO  o.e.m.c.i.l.LifecycleMappingFactory - Using org.maven.ide.eclipse.wtp.WarLifecycleMapping lifecycle mapping for MavenProject: edu.upc.clase:spring-webmvc:1.0.0-SNAPSHOT @ C:\Users\USUARIO\SINSENIOR\sinsenior-webmvc1\pom.xml.
2012-08-05 20:17:43,999 [Worker-2] INFO  o.e.m.c.i.embedder.EclipseLogger - Using 'UTF-8' encoding to copy filtered resources.
2012-08-05 20:17:44,014 [Worker-2] INFO  o.e.m.c.i.embedder.EclipseLogger - Copying 1 resource
2012-08-05 20:17:44,264 [Worker-2] INFO  o.e.m.c.i.embedder.EclipseLogger - Copying 7 resources
2012-08-05 20:17:44,264 [Worker-2] INFO  o.e.m.c.i.embedder.EclipseLogger - Using 'UTF-8' encoding to copy filtered resources.
2012-08-05 20:17:44,264 [Worker-2] INFO  o.e.m.c.i.embedder.EclipseLogger - Copying 3 resources
2012-08-05 20:33:18,862 [Worker-3] WARN  o.e.m.c.i.embedder.EclipseLogger - Using platform encoding (Cp1252 actually) to copy filtered resources, i.e. build is platform dependent!
2012-08-05 20:33:18,903 [Worker-3] INFO  o.e.m.c.i.embedder.EclipseLogger - Copying 0 resource
2012-08-05 20:33:18,907 [Worker-3] WARN  o.e.m.c.i.embedder.EclipseLogger - Using platform encoding (Cp1252 actually) to copy filtered resources, i.e. build is platform dependent!
2012-08-05 20:33:18,940 [Worker-3] INFO  o.e.m.c.i.embedder.EclipseLogger - Copying 1 resource
2012-08-05 20:42:31,894 [ModalContext] WARN  o.e.m.i.discovery.MavenDiscovery - CatalogItem org.eclipse.m2e.discovery.lifecyclemapping.m2e-egit does not contain lifecycle mapping metadata
2012-08-05 20:42:31,946 [ModalContext] WARN  o.e.m.i.discovery.MavenDiscovery - CatalogItem org.eclipse.m2e.discovery.lifecyclemapping.m2e-cvs does not contain lifecycle mapping metadata
2012-08-05 20:42:31,951 [ModalContext] WARN  o.e.m.i.discovery.MavenDiscovery - CatalogItem org.eclipse.m2e.discovery.lifecyclemapping.m2e-subversive does not contain lifecycle mapping metadata
2012-08-05 20:42:31,954 [ModalContext] WARN  o.e.m.i.discovery.MavenDiscovery - CatalogItem org.eclipse.m2e.discovery.lifecyclemapping.m2e-subclipse does not contain lifecycle mapping metadata
2012-08-05 20:42:31,958 [ModalContext] WARN  o.e.m.i.discovery.MavenDiscovery - CatalogItem org.eclipse.m2e.discovery.maven-runtime-3.0.3 does not contain lifecycle mapping metadata
2012-08-05 20:42:31,987 [ModalContext] WARN  o.e.m.i.discovery.MavenDiscovery - CatalogItem org.codehaus.groovy.m2eclipse does not contain lifecycle mapping metadata
2012-08-05 20:43:17,703 [Worker-13] INFO  o.e.m.c.i.l.LifecycleMappingFactory - Using org.maven.ide.eclipse.wtp.WarLifecycleMapping lifecycle mapping for MavenProject: edu.upc.clase:spring-webmvc:1.0.0-SNAPSHOT @ C:\Users\USUARIO\Downloads\sinsenior-webmvc1 (1)\sinsenior-webmvc1\pom.xml.
2012-08-05 20:43:21,026 [Worker-13] INFO  o.e.m.j.i.AbstractJavaProjectConfigurator - Adding source folder /spring-webmvc/src/main/java
2012-08-05 20:43:21,028 [Worker-13] INFO  o.e.m.j.i.AbstractJavaProjectConfigurator - Adding resource folder /spring-webmvc/src/main/resources
2012-08-05 20:43:21,029 [Worker-13] INFO  o.e.m.j.i.AbstractJavaProjectConfigurator - Resources folder /spring-webmvc/src/main/resources overlaps with sources folder /spring-webmvc/src/main/resources
2012-08-05 20:43:21,031 [Worker-13] INFO  o.e.m.j.i.AbstractJavaProjectConfigurator - Adding source folder /spring-webmvc/src/test/java
2012-08-05 20:43:21,032 [Worker-13] INFO  o.e.m.j.i.AbstractJavaProjectConfigurator - Adding resource folder /spring-webmvc/src/test/resources
2012-08-05 20:43:22,898 [Worker-17] INFO  o.e.m.c.i.l.LifecycleMappingFactory - Using org.maven.ide.eclipse.wtp.WarLifecycleMapping lifecycle mapping for MavenProject: edu.upc.clase:spring-webmvc:1.0.0-SNAPSHOT @ C:\Users\USUARIO\Downloads\sinsenior-webmvc1 (1)\sinsenior-webmvc1\pom.xml.
2012-08-05 20:43:23,687 [Worker-17] INFO  o.e.m.c.i.l.LifecycleMappingFactory - Using org.maven.ide.eclipse.wtp.WarLifecycleMapping lifecycle mapping for MavenProject: edu.upc.clase:spring-webmvc:1.0.0-SNAPSHOT @ C:\Users\USUARIO\Downloads\sinsenior-webmvc1 (1)\sinsenior-webmvc1\pom.xml.
2012-08-05 20:43:23,916 [Worker-13] INFO  o.e.m.c.i.p.ProjectConfigurationManager - Project import completed 7 sec
2012-08-05 20:43:25,111 [Worker-19] INFO  o.e.m.c.u.i.UpdateConfigurationJob - Update started
2012-08-05 20:43:25,111 [Worker-19] INFO  o.e.m.c.u.i.UpdateConfigurationJob - Update completed: 0 sec
2012-08-05 20:43:28,455 [Worker-11] INFO  o.e.m.c.i.l.LifecycleMappingFactory - Using org.maven.ide.eclipse.wtp.WarLifecycleMapping lifecycle mapping for MavenProject: edu.upc.clase:spring-webmvc:1.0.0-SNAPSHOT @ C:\Users\USUARIO\Downloads\sinsenior-webmvc1 (1)\sinsenior-webmvc1\pom.xml.
2012-08-05 20:43:29,621 [Worker-11] INFO  o.e.m.c.i.embedder.EclipseLogger - Using 'UTF-8' encoding to copy filtered resources.
2012-08-05 20:43:29,622 [Worker-11] INFO  o.e.m.c.i.embedder.EclipseLogger - Copying 1 resource
2012-08-05 20:43:29,724 [Worker-11] INFO  o.e.m.c.i.embedder.EclipseLogger - Copying 5 resources
2012-08-05 20:43:29,775 [Worker-11] INFO  o.e.m.c.i.embedder.EclipseLogger - Using 'UTF-8' encoding to copy filtered resources.
2012-08-05 20:43:29,777 [Worker-11] INFO  o.e.m.c.i.embedder.EclipseLogger - Copying 3 resources
2012-08-05 21:26:17,295 [Worker-20] INFO  o.e.m.c.i.embedder.EclipseLogger - Using 'UTF-8' encoding to copy filtered resources.
2012-08-05 21:26:17,400 [Worker-20] INFO  o.e.m.c.i.embedder.EclipseLogger - Copying 1 resource
2012-08-05 21:26:17,474 [Worker-20] INFO  o.e.m.c.i.embedder.EclipseLogger - Copying 5 resources
2012-08-05 21:26:17,487 [Worker-20] INFO  o.e.m.c.i.embedder.EclipseLogger - Using 'UTF-8' encoding to copy filtered resources.
2012-08-05 21:26:17,490 [Worker-20] INFO  o.e.m.c.i.embedder.EclipseLogger - Copying 3 resources
2012-08-16 20:07:11,873 [Worker-16] INFO  o.e.m.c.i.embedder.EclipseLogger - Using 'UTF-8' encoding to copy filtered resources.
2012-08-16 20:07:12,006 [Worker-16] INFO  o.e.m.c.i.embedder.EclipseLogger - Copying 1 resource
2012-08-16 20:07:12,067 [Worker-16] INFO  o.e.m.c.i.embedder.EclipseLogger - Copying 5 resources
2012-08-16 20:07:12,146 [Worker-16] INFO  o.e.m.c.i.embedder.EclipseLogger - Using 'UTF-8' encoding to copy filtered resources.
2012-08-16 20:07:12,148 [Worker-16] INFO  o.e.m.c.i.embedder.EclipseLogger - Copying 3 resources
2012-08-16 20:07:50,996 [Worker-17] INFO  o.e.m.c.i.l.LifecycleMappingFactory - Using org.maven.ide.eclipse.wtp.WarLifecycleMapping lifecycle mapping for MavenProject: com.mycompany:wscliente:1.0 @ C:\Users\USUARIO\SINSENIOR\wscliente\wscliente\pom.xml.
2012-08-16 20:07:55,279 [Worker-17] WARN  o.e.m.c.i.embedder.EclipseLogger - Using platform encoding (Cp1252 actually) to copy filtered resources, i.e. build is platform dependent!
2012-08-16 20:07:55,285 [Worker-17] INFO  o.e.m.c.i.embedder.EclipseLogger - Copying 0 resource
2012-08-16 20:07:55,289 [Worker-17] WARN  o.e.m.c.i.embedder.EclipseLogger - Using platform encoding (Cp1252 actually) to copy filtered resources, i.e. build is platform dependent!
2012-08-16 20:07:55,295 [Worker-17] INFO  o.e.m.c.i.embedder.EclipseLogger - Copying 1 resource
2012-08-16 20:08:32,547 [ModalContext] WARN  o.e.m.i.discovery.MavenDiscovery - CatalogItem org.eclipse.m2e.discovery.lifecyclemapping.m2e-egit does not contain lifecycle mapping metadata
2012-08-16 20:08:32,552 [ModalContext] WARN  o.e.m.i.discovery.MavenDiscovery - CatalogItem org.eclipse.m2e.discovery.lifecyclemapping.m2e-cvs does not contain lifecycle mapping metadata
2012-08-16 20:08:32,557 [ModalContext] WARN  o.e.m.i.discovery.MavenDiscovery - CatalogItem org.eclipse.m2e.discovery.lifecyclemapping.m2e-subversive does not contain lifecycle mapping metadata
2012-08-16 20:08:32,561 [ModalContext] WARN  o.e.m.i.discovery.MavenDiscovery - CatalogItem org.eclipse.m2e.discovery.lifecyclemapping.m2e-subclipse does not contain lifecycle mapping metadata
2012-08-16 20:08:32,566 [ModalContext] WARN  o.e.m.i.discovery.MavenDiscovery - CatalogItem org.eclipse.m2e.discovery.maven-runtime-3.0.3 does not contain lifecycle mapping metadata
2012-08-16 20:08:32,601 [ModalContext] WARN  o.e.m.i.discovery.MavenDiscovery - CatalogItem org.codehaus.groovy.m2eclipse does not contain lifecycle mapping metadata
2012-08-16 20:08:52,580 [Worker-16] INFO  o.e.m.c.i.l.LifecycleMappingFactory - Using org.maven.ide.eclipse.wtp.WarLifecycleMapping lifecycle mapping for MavenProject: edu.upc.clase:spring-webmvc:1.0.0-SNAPSHOT @ C:\Users\USUARIO\SINSENIOR\sinsenior-webmvc1\pom.xml.
2012-08-16 20:08:59,892 [Worker-16] INFO  o.e.m.j.i.AbstractJavaProjectConfigurator - Adding source folder /sinsenior-webmvc1/src/main/java
2012-08-16 20:08:59,894 [Worker-16] INFO  o.e.m.j.i.AbstractJavaProjectConfigurator - Adding resource folder /sinsenior-webmvc1/src/main/resources
2012-08-16 20:08:59,895 [Worker-16] INFO  o.e.m.j.i.AbstractJavaProjectConfigurator - Resources folder /sinsenior-webmvc1/src/main/resources overlaps with sources folder /sinsenior-webmvc1/src/main/resources
2012-08-16 20:08:59,895 [Worker-16] INFO  o.e.m.j.i.AbstractJavaProjectConfigurator - Adding source folder /sinsenior-webmvc1/src/test/java
2012-08-16 20:08:59,896 [Worker-16] INFO  o.e.m.j.i.AbstractJavaProjectConfigurator - Adding resource folder /sinsenior-webmvc1/src/test/resources
2012-08-16 20:09:00,718 [Worker-14] INFO  o.e.m.c.i.l.LifecycleMappingFactory - Using org.maven.ide.eclipse.wtp.WarLifecycleMapping lifecycle mapping for MavenProject: edu.upc.clase:spring-webmvc:1.0.0-SNAPSHOT @ C:\Users\USUARIO\SINSENIOR\sinsenior-webmvc1\pom.xml.
2012-08-16 20:09:00,991 [Worker-16] INFO  o.e.m.c.i.p.ProjectConfigurationManager - Project import completed 9 sec
2012-08-16 20:09:04,143 [Worker-14] INFO  o.e.m.c.i.l.LifecycleMappingFactory - Using org.maven.ide.eclipse.wtp.WarLifecycleMapping lifecycle mapping for MavenProject: edu.upc.clase:spring-webmvc:1.0.0-SNAPSHOT @ C:\Users\USUARIO\SINSENIOR\sinsenior-webmvc1\pom.xml.
2012-08-16 20:09:04,731 [Worker-7] INFO  o.e.m.c.u.i.UpdateConfigurationJob - Update started
2012-08-16 20:09:04,732 [Worker-7] INFO  o.e.m.c.u.i.UpdateConfigurationJob - Update completed: 0 sec
2012-08-16 20:09:08,146 [Worker-16] INFO  o.e.m.c.i.l.LifecycleMappingFactory - Using org.maven.ide.eclipse.wtp.WarLifecycleMapping lifecycle mapping for MavenProject: edu.upc.clase:spring-webmvc:1.0.0-SNAPSHOT @ C:\Users\USUARIO\SINSENIOR\sinsenior-webmvc1\pom.xml.
2012-08-16 20:09:09,739 [Worker-16] INFO  o.e.m.c.i.embedder.EclipseLogger - Using 'UTF-8' encoding to copy filtered resources.
2012-08-16 20:09:09,740 [Worker-16] INFO  o.e.m.c.i.embedder.EclipseLogger - Copying 1 resource
2012-08-16 20:09:09,756 [Worker-16] INFO  o.e.m.c.i.embedder.EclipseLogger - Copying 7 resources
2012-08-16 20:09:09,864 [Worker-16] INFO  o.e.m.c.i.embedder.EclipseLogger - Using 'UTF-8' encoding to copy filtered resources.
2012-08-16 20:09:09,867 [Worker-16] INFO  o.e.m.c.i.embedder.EclipseLogger - Copying 4 resources
2012-08-16 20:09:11,590 [Worker-7] INFO  o.e.m.c.i.l.LifecycleMappingFactory - Using org.maven.ide.eclipse.wtp.WarLifecycleMapping lifecycle mapping for MavenProject: com.mycompany:wscliente:1.0 @ C:\Users\USUARIO\SINSENIOR\wscliente\pom.xml.
2012-08-16 20:09:13,967 [Worker-7] INFO  o.e.m.j.i.AbstractJavaProjectConfigurator - Adding source folder /wscliente/src/main/java
2012-08-16 20:09:13,968 [Worker-7] INFO  o.e.m.j.i.AbstractJavaProjectConfigurator - Adding resource folder /wscliente/src/main/resources
2012-08-16 20:09:13,968 [Worker-7] INFO  o.e.m.j.i.AbstractJavaProjectConfigurator - Adding source folder /wscliente/src/test/java
2012-08-16 20:09:13,969 [Worker-7] INFO  o.e.m.j.i.AbstractJavaProjectConfigurator - Adding resource folder /wscliente/src/test/resources
2012-08-16 20:09:14,403 [Worker-7] INFO  o.e.m.c.i.p.ProjectConfigurationManager - Project import completed 3 sec
2012-08-16 20:09:14,498 [Worker-18] INFO  o.e.m.c.u.i.UpdateConfigurationJob - Update started
2012-08-16 20:09:14,498 [Worker-18] INFO  o.e.m.c.u.i.UpdateConfigurationJob - Update completed: 0 sec
2012-08-16 20:09:15,553 [Worker-7] INFO  o.e.m.c.i.l.LifecycleMappingFactory - Using org.maven.ide.eclipse.wtp.WarLifecycleMapping lifecycle mapping for MavenProject: edu.upc.clase:spring-webmvc:1.0.0-SNAPSHOT @ C:\Users\USUARIO\SINSENIOR\sinsenior-webmvc1\pom.xml.
2012-08-16 20:09:16,256 [Worker-7] INFO  o.e.m.c.i.l.LifecycleMappingFactory - Using org.maven.ide.eclipse.wtp.WarLifecycleMapping lifecycle mapping for MavenProject: edu.upc.clase:spring-webmvc:1.0.0-SNAPSHOT @ C:\Users\USUARIO\SINSENIOR\sinsenior-webmvc1\pom.xml.
2012-08-16 20:09:16,895 [Worker-7] INFO  o.e.m.c.i.l.LifecycleMappingFactory - Using org.maven.ide.eclipse.wtp.WarLifecycleMapping lifecycle mapping for MavenProject: com.mycompany:wscliente:1.0 @ C:\Users\USUARIO\SINSENIOR\wscliente\pom.xml.
2012-08-16 20:09:17,292 [Worker-7] INFO  o.e.m.c.i.l.LifecycleMappingFactory - Using org.maven.ide.eclipse.wtp.WarLifecycleMapping lifecycle mapping for MavenProject: com.mycompany:wscliente:1.0 @ C:\Users\USUARIO\SINSENIOR\wscliente\pom.xml.
2012-08-16 20:09:26,817 [Worker-9] INFO  o.e.m.c.i.l.LifecycleMappingFactory - Using org.maven.ide.eclipse.wtp.WarLifecycleMapping lifecycle mapping for MavenProject: com.mycompany:wscliente:1.0 @ C:\Users\USUARIO\SINSENIOR\wscliente\pom.xml.
2012-08-16 20:09:27,735 [Worker-9] WARN  o.e.m.c.i.embedder.EclipseLogger - Using platform encoding (Cp1252 actually) to copy filtered resources, i.e. build is platform dependent!
2012-08-16 20:09:27,920 [Worker-9] INFO  o.e.m.c.i.embedder.EclipseLogger - Copying 0 resource
2012-08-16 20:09:27,922 [Worker-9] WARN  o.e.m.c.i.embedder.EclipseLogger - Using platform encoding (Cp1252 actually) to copy filtered resources, i.e. build is platform dependent!
2012-08-16 20:09:27,925 [Worker-9] INFO  o.e.m.c.i.embedder.EclipseLogger - Copying 1 resource
2012-08-16 20:09:28,087 [Worker-9] INFO  o.e.m.c.i.embedder.EclipseLogger - Using 'UTF-8' encoding to copy filtered resources.
2012-08-16 20:09:28,108 [Worker-9] INFO  o.e.m.c.i.embedder.EclipseLogger - Copying 0 resource
2012-08-16 20:09:28,109 [Worker-9] INFO  o.e.m.c.i.embedder.EclipseLogger - Copying 0 resource
2012-08-16 20:09:28,110 [Worker-9] INFO  o.e.m.c.i.embedder.EclipseLogger - Using 'UTF-8' encoding to copy filtered resources.
2012-08-16 20:09:28,111 [Worker-9] INFO  o.e.m.c.i.embedder.EclipseLogger - Copying 0 resource
2012-08-16 20:21:22,074 [Worker-26] INFO  o.e.m.c.i.l.LifecycleMappingFactory - Using org.maven.ide.eclipse.wtp.WarLifecycleMapping lifecycle mapping for MavenProject: edu.upc.clase:spring-webmvc:1.0.0-SNAPSHOT @ C:\Users\USUARIO\SINSENIOR\sinsenior-webmvc1\pom.xml.
2012-08-16 20:21:26,828 [Worker-26] INFO  o.e.m.j.i.AbstractJavaProjectConfigurator - Adding source folder /sinsenior-webmvc1/src/main/java
2012-08-16 20:21:26,830 [Worker-26] INFO  o.e.m.j.i.AbstractJavaProjectConfigurator - Adding resource folder /sinsenior-webmvc1/src/main/resources
2012-08-16 20:21:26,830 [Worker-26] INFO  o.e.m.j.i.AbstractJavaProjectConfigurator - Resources folder /sinsenior-webmvc1/src/main/resources overlaps with sources folder /sinsenior-webmvc1/src/main/resources
2012-08-16 20:21:26,830 [Worker-26] INFO  o.e.m.j.i.AbstractJavaProjectConfigurator - Adding source folder /sinsenior-webmvc1/src/test/java
2012-08-16 20:21:26,831 [Worker-26] INFO  o.e.m.j.i.AbstractJavaProjectConfigurator - Adding resource folder /sinsenior-webmvc1/src/test/resources
2012-08-16 20:21:27,207 [Worker-23] INFO  o.e.m.c.i.l.LifecycleMappingFactory - Using org.maven.ide.eclipse.wtp.WarLifecycleMapping lifecycle mapping for MavenProject: edu.upc.clase:spring-webmvc:1.0.0-SNAPSHOT @ C:\Users\USUARIO\SINSENIOR\sinsenior-webmvc1\pom.xml.
2012-08-16 20:21:29,411 [Worker-23] INFO  o.e.m.c.i.l.LifecycleMappingFactory - Using org.maven.ide.eclipse.wtp.WarLifecycleMapping lifecycle mapping for MavenProject: edu.upc.clase:spring-webmvc:1.0.0-SNAPSHOT @ C:\Users\USUARIO\SINSENIOR\sinsenior-webmvc1\pom.xml.
2012-08-16 20:21:29,536 [Worker-26] INFO  o.e.m.c.i.p.ProjectConfigurationManager - Project import completed 7 sec
2012-08-16 20:21:29,723 [Worker-26] INFO  o.e.m.c.u.i.UpdateConfigurationJob - Update started
2012-08-16 20:21:29,723 [Worker-26] INFO  o.e.m.c.u.i.UpdateConfigurationJob - Update completed: 0 sec
2012-08-16 20:21:31,414 [Worker-26] INFO  o.e.m.c.i.l.LifecycleMappingFactory - Using org.maven.ide.eclipse.wtp.WarLifecycleMapping lifecycle mapping for MavenProject: edu.upc.clase:spring-webmvc:1.0.0-SNAPSHOT @ C:\Users\USUARIO\SINSENIOR\sinsenior-webmvc1\pom.xml.
2012-08-16 20:21:33,285 [Worker-26] INFO  o.e.m.c.i.embedder.EclipseLogger - Using 'UTF-8' encoding to copy filtered resources.
2012-08-16 20:21:33,287 [Worker-26] INFO  o.e.m.c.i.embedder.EclipseLogger - Copying 1 resource
2012-08-16 20:21:33,297 [Worker-26] INFO  o.e.m.c.i.embedder.EclipseLogger - Copying 7 resources
2012-08-16 20:21:33,358 [Worker-26] INFO  o.e.m.c.i.embedder.EclipseLogger - Using 'UTF-8' encoding to copy filtered resources.
2012-08-16 20:21:33,359 [Worker-26] INFO  o.e.m.c.i.embedder.EclipseLogger - Copying 4 resources
2012-08-16 20:21:34,742 [Worker-27] INFO  o.e.m.c.i.l.LifecycleMappingFactory - Using org.maven.ide.eclipse.wtp.WarLifecycleMapping lifecycle mapping for MavenProject: edu.upc.clase:spring-webmvc:1.0.0-SNAPSHOT @ C:\Users\USUARIO\SINSENIOR\sinsenior-webmvc1\pom.xml.
2012-08-16 20:21:35,473 [Worker-27] INFO  o.e.m.c.i.l.LifecycleMappingFactory - Using org.maven.ide.eclipse.wtp.WarLifecycleMapping lifecycle mapping for MavenProject: edu.upc.clase:spring-webmvc:1.0.0-SNAPSHOT @ C:\Users\USUARIO\SINSENIOR\sinsenior-webmvc1\pom.xml.
2012-08-16 20:21:42,122 [Worker-21] INFO  o.e.m.c.i.embedder.EclipseLogger - Using 'UTF-8' encoding to copy filtered resources.
2012-08-16 20:21:42,122 [Worker-21] INFO  o.e.m.c.i.embedder.EclipseLogger - Copying 0 resource
2012-08-16 20:21:42,123 [Worker-21] INFO  o.e.m.c.i.embedder.EclipseLogger - Copying 0 resource
2012-08-16 20:21:42,124 [Worker-21] INFO  o.e.m.c.i.embedder.EclipseLogger - Using 'UTF-8' encoding to copy filtered resources.
2012-08-16 20:21:42,125 [Worker-21] INFO  o.e.m.c.i.embedder.EclipseLogger - Copying 0 resource
